This is pdfTeX, Version 3.14159265-2.6-1.40.20 (TeX Live 2019/Debian) (preloaded format=pdflatex 2024.5.5)  5 MAY 2024 08:51
entering extended mode
 restricted \write18 enabled.
 %&-line parsing enabled.
**refman
(./refman.tex
LaTeX2e <2020-02-02> patch level 2
L3 programming layer <2020-02-14>
(/usr/share/texlive/texmf-dist/tex/latex/base/book.cls
Document Class: book 2019/12/20 v1.4l Standard LaTeX document class
(/usr/share/texlive/texmf-dist/tex/latex/base/bk10.clo
File: bk10.clo 2019/12/20 v1.4l Standard LaTeX file (size option)
)
\c@part=\count167
\c@chapter=\count168
\c@section=\count169
\c@subsection=\count170
\c@subsubsection=\count171
\c@paragraph=\count172
\c@subparagraph=\count173
\c@figure=\count174
\c@table=\count175
\abovecaptionskip=\skip47
\belowcaptionskip=\skip48
\bibindent=\dimen134
)
(/usr/share/texlive/texmf-dist/tex/latex/base/ifthen.sty
Package: ifthen 2014/09/29 v1.1c Standard LaTeX ifthen package (DPC)
)
(/usr/share/texlive/texmf-dist/tex/latex/tools/array.sty
Rollback for package 'array' requested -> date 2016-10-06.
         Best approximation is the release introduced on 2016-10-06.

(/usr/share/texlive/texmf-dist/tex/latex/tools/array-2016-10-06.sty
Package: array 2016/10/06 v2.4d Tabular extension package (FMi)
\col@sep=\dimen135
\extrarowheight=\dimen136
\NC@list=\toks14
\extratabsurround=\skip49
\backup@length=\skip50
))
(/usr/share/texlive/texmf-dist/tex/latex/base/fixltx2e.sty
Package: fixltx2e 2016/12/29 v2.1a fixes to LaTeX (obsolete)
Applying: [2015/01/01] Old fixltx2e package on input line 46.


Package fixltx2e Warning: fixltx2e is not required with releases after 2015
(fixltx2e)                All fixes are now in the LaTeX kernel.
(fixltx2e)                See the latexrelease package for details.

Already applied: [0000/00/00] Old fixltx2e package on input line 53.
) (/usr/share/texlive/texmf-dist/tex/latex/tools/calc.sty
Package: calc 2017/05/25 v4.3 Infix arithmetic (KKT,FJ)
\calc@Acount=\count176
\calc@Bcount=\count177
\calc@Adimen=\dimen137
\calc@Bdimen=\dimen138
\calc@Askip=\skip51
\calc@Bskip=\skip52
LaTeX Info: Redefining \setlength on input line 80.
LaTeX Info: Redefining \addtolength on input line 81.
\calc@Ccount=\count178
\calc@Cskip=\skip53
) (./doxygen.sty
Package: doxygen 

(/usr/share/texlive/texmf-dist/tex/latex/base/alltt.sty
Package: alltt 1997/06/16 v2.0g defines alltt environment
)
(/usr/share/texlive/texmf-dist/tex/latex/float/float.sty
Package: float 2001/11/08 v1.3d Float enhancements (AL)
\c@float@type=\count179
\float@exts=\toks15
\float@box=\box45
\@float@everytoks=\toks16
\@floatcapt=\box46
)
(/usr/share/texlive/texmf-dist/tex/latex/tools/verbatim.sty
Package: verbatim 2019/11/10 v1.5r LaTeX2e package for verbatim enhancements
\every@verbatim=\toks17
\verbatim@line=\toks18
\verbatim@in@stream=\read2
)
(/usr/share/texlive/texmf-dist/tex/latex/xcolor/xcolor.sty
Package: xcolor 2016/05/11 v2.12 LaTeX color extensions (UK)

(/usr/share/texlive/texmf-dist/tex/latex/graphics-cfg/color.cfg
File: color.cfg 2016/01/02 v1.6 sample color configuration
)
Package xcolor Info: Driver file: pdftex.def on input line 225.

(/usr/share/texlive/texmf-dist/tex/latex/graphics-def/pdftex.def
File: pdftex.def 2018/01/08 v1.0l Graphics/color driver for pdftex
)
(/usr/share/texlive/texmf-dist/tex/latex/colortbl/colortbl.sty
Package: colortbl 2020/01/04 v1.0e Color table columns (DPC)
\everycr=\toks19
\minrowclearance=\skip54
)
\rownum=\count180
Package xcolor Info: Model `cmy' substituted by `cmy0' on input line 1348.
Package xcolor Info: Model `hsb' substituted by `rgb' on input line 1352.
Package xcolor Info: Model `RGB' extended on input line 1364.
Package xcolor Info: Model `HTML' substituted by `rgb' on input line 1366.
Package xcolor Info: Model `Hsb' substituted by `hsb' on input line 1367.
Package xcolor Info: Model `tHsb' substituted by `hsb' on input line 1368.
Package xcolor Info: Model `HSB' substituted by `hsb' on input line 1369.
Package xcolor Info: Model `Gray' substituted by `gray' on input line 1370.
Package xcolor Info: Model `wave' substituted by `hsb' on input line 1371.
)
(./longtable_doxygen.sty
Package: longtable_doxygen 2014/10/28 v4.11 Multi-page Table package (DPC) - fr
ozen version for doxygen
\LTleft=\skip55
\LTright=\skip56
\LTpre=\skip57
\LTpost=\skip58
\LTchunksize=\count181
\LTcapwidth=\dimen139
\LT@head=\box47
\LT@firsthead=\box48
\LT@foot=\box49
\LT@lastfoot=\box50
\LT@cols=\count182
\LT@rows=\count183
\c@LT@tables=\count184
\c@LT@chunks=\count185
\LT@p@ftn=\toks20
) (./tabu_doxygen.sty
Package: tabu_doxygen 2011/02/26 v2.8 - flexible LaTeX tabulars (FC), frozen ve
rsion for doxygen

(/usr/share/texlive/texmf-dist/tex/latex/varwidth/varwidth.sty
Package: varwidth 2009/03/30 ver 0.92;  Variable-width minipages
\@vwid@box=\box51
\sift@deathcycles=\count186
\@vwid@loff=\dimen140
\@vwid@roff=\dimen141
)
\c@taburow=\count187
\tabu@nbcols=\count188
\tabu@cnt=\count189
\tabu@Xcol=\count190
\tabu@alloc=\count191
\tabu@nested=\count192
\tabu@target=\dimen142
\tabu@spreadtarget=\dimen143
\tabu@naturalX=\dimen144
\tabucolX=\dimen145
\tabu@Xsum=\dimen146
\extrarowdepth=\dimen147
\abovetabulinesep=\dimen148
\belowtabulinesep=\dimen149
\tabustrutrule=\dimen150
\tabu@thebody=\toks21
\tabu@footnotes=\toks22
\tabu@box=\box52
\tabu@arstrutbox=\box53
\tabu@hleads=\box54
\tabu@vleads=\box55
\tabu@cellskip=\skip59
)
(/usr/share/texlive/texmf-dist/tex/latex/fancyvrb/fancyvrb.sty
Package: fancyvrb 2020/01/13 v3.5 verbatim text (tvz,hv)

(/usr/share/texlive/texmf-dist/tex/latex/graphics/keyval.sty
Package: keyval 2014/10/28 v1.15 key=value parser (DPC)
\KV@toks@=\toks23
)
\FV@CodeLineNo=\count193
\FV@InFile=\read3
\FV@TabBox=\box56
\c@FancyVerbLine=\count194
\FV@StepNumber=\count195
\FV@OutFile=\write3
)
(/usr/share/texlive/texmf-dist/tex/latex/tools/tabularx.sty
Package: tabularx 2020/01/15 v2.11c `tabularx' package (DPC)
\TX@col@width=\dimen151
\TX@old@table=\dimen152
\TX@old@col=\dimen153
\TX@target=\dimen154
\TX@delta=\dimen155
\TX@cols=\count196
\TX@ftn=\toks24
)
(/usr/share/texlive/texmf-dist/tex/latex/multirow/multirow.sty
Package: multirow 2019/05/31 v2.5 Span multiple rows of a table
\multirow@colwidth=\skip60
\multirow@cntb=\count197
\multirow@dima=\skip61
\bigstrutjot=\dimen156
)
(/usr/share/texlive/texmf-dist/tex/latex/hanging/hanging.sty
Package: hanging 2009/09/02 v1.2b hanging paragraphs and punctuation
\h@ngcommawd=\skip62
\h@ngfstopwd=\skip63
\h@ngquotewd=\skip64
\h@ngdquotewd=\skip65
\h@ngquerywd=\skip66
\h@ngexclwd=\skip67
\h@ngcolonwd=\skip68
\h@ngscolonwd=\skip69
)
(/usr/share/texlive/texmf-dist/tex/generic/iftex/ifpdf.sty
Package: ifpdf 2019/10/25 v3.4 ifpdf legacy package. Use iftex instead.

(/usr/share/texlive/texmf-dist/tex/generic/iftex/iftex.sty
Package: iftex 2019/11/07 v1.0c TeX engine tests
))
(/usr/share/texlive/texmf-dist/tex/latex/adjustbox/adjustbox.sty
Package: adjustbox 2019/01/04 v1.2 Adjusting TeX boxes (trim, clip, ...)

(/usr/share/texlive/texmf-dist/tex/latex/xkeyval/xkeyval.sty
Package: xkeyval 2014/12/03 v2.7a package option processing (HA)

(/usr/share/texlive/texmf-dist/tex/generic/xkeyval/xkeyval.tex
(/usr/share/texlive/texmf-dist/tex/generic/xkeyval/xkvutils.tex
\XKV@toks=\toks25
\XKV@tempa@toks=\toks26
)
\XKV@depth=\count198
File: xkeyval.tex 2014/12/03 v2.7a key=value parser (HA)
))
(/usr/share/texlive/texmf-dist/tex/latex/adjustbox/adjcalc.sty
Package: adjcalc 2012/05/16 v1.1 Provides advanced setlength with multiple back
-ends (calc, etex, pgfmath)
)
(/usr/share/texlive/texmf-dist/tex/latex/adjustbox/trimclip.sty
Package: trimclip 2018/04/08 v1.1 Trim and clip general TeX material

(/usr/share/texlive/texmf-dist/tex/latex/graphics/graphicx.sty
Package: graphicx 2019/11/30 v1.2a Enhanced LaTeX Graphics (DPC,SPQR)

(/usr/share/texlive/texmf-dist/tex/latex/graphics/graphics.sty
Package: graphics 2019/11/30 v1.4a Standard LaTeX Graphics (DPC,SPQR)

(/usr/share/texlive/texmf-dist/tex/latex/graphics/trig.sty
Package: trig 2016/01/03 v1.10 sin cos tan (DPC)
)
(/usr/share/texlive/texmf-dist/tex/latex/graphics-cfg/graphics.cfg
File: graphics.cfg 2016/06/04 v1.11 sample graphics configuration
)
Package graphics Info: Driver file: pdftex.def on input line 105.
)
\Gin@req@height=\dimen157
\Gin@req@width=\dimen158
)
(/usr/share/texlive/texmf-dist/tex/latex/collectbox/collectbox.sty
Package: collectbox 2012/05/17 v0.4b Collect macro arguments as boxes
\collectedbox=\box57
)
\tc@llx=\dimen159
\tc@lly=\dimen160
\tc@urx=\dimen161
\tc@ury=\dimen162
Package trimclip Info: Using driver 'tc-pdftex.def'.

(/usr/share/texlive/texmf-dist/tex/latex/adjustbox/tc-pdftex.def
File: tc-pdftex.def 2019/01/04 v2.2 Clipping driver for pdftex
))
\adjbox@Width=\dimen163
\adjbox@Height=\dimen164
\adjbox@Depth=\dimen165
\adjbox@Totalheight=\dimen166
\adjbox@pwidth=\dimen167
\adjbox@pheight=\dimen168
\adjbox@pdepth=\dimen169
\adjbox@ptotalheight=\dimen170

(/usr/share/texlive/texmf-dist/tex/latex/ifoddpage/ifoddpage.sty
Package: ifoddpage 2016/04/23 v1.1 Conditionals for odd/even page detection
\c@checkoddpage=\count199
))
(/usr/share/texlive/texmf-dist/tex/latex/amsfonts/amssymb.sty
Package: amssymb 2013/01/14 v3.01 AMS font symbols

(/usr/share/texlive/texmf-dist/tex/latex/amsfonts/amsfonts.sty
Package: amsfonts 2013/01/14 v3.01 Basic AMSFonts support
\@emptytoks=\toks27
\symAMSa=\mathgroup4
\symAMSb=\mathgroup5
LaTeX Font Info:    Redeclaring math symbol \hbar on input line 98.
LaTeX Font Info:    Overwriting math alphabet `\mathfrak' in version `bold'
(Font)                  U/euf/m/n --> U/euf/b/n on input line 106.
))
(/usr/share/texlive/texmf-dist/tex/latex/stackengine/stackengine.sty
Package: stackengine 2017/02/13 v4.01\ Stacking text and objects in convenient 
ways

(/usr/share/texlive/texmf-dist/tex/latex/etoolbox/etoolbox.sty
Package: etoolbox 2019/09/21 v2.5h e-TeX tools for LaTeX (JAW)
\etb@tempcnta=\count266
)
(/usr/share/texlive/texmf-dist/tex/generic/listofitems/listofitems.sty
(/usr/share/texlive/texmf-dist/tex/generic/listofitems/listofitems.tex
\loi_cnt_foreach_nest=\count267
\loi_nestcnt=\count268
)
Package: listofitems 2019/08/21 v1.63 Grab items in lists using user-specified 
sep char (CT)
)
\c@@stackindex=\count269
\@boxshift=\skip70
\stack@tmplength=\skip71
\temp@stkl=\skip72
\@stackedboxwidth=\skip73
\@addedbox=\box58
\@anchorbox=\box59
\stackedbox=\box60
\@centerbox=\box61
\c@ROWcellindex@=\count270
)
(/usr/share/texlive/texmf-dist/tex/generic/ulem/ulem.sty
\UL@box=\box62
\UL@hyphenbox=\box63
\UL@skip=\skip74
\UL@hook=\toks28
\UL@height=\dimen171
\UL@pe=\count271
\UL@pixel=\dimen172
\ULC@box=\box64
Package: ulem 2019/11/18
\ULdepth=\dimen173
)
\xrefbox=\box65
\xreflength=\skip75
\CodeWidthChar=\skip76
\CodeHeightChar=\skip77
\DoxyCodeWidth=\skip78
)
(/usr/share/texlive/texmf-dist/tex/latex/base/inputenc.sty
Package: inputenc 2018/08/11 v1.3c Input encoding file
\inpenc@prehook=\toks29
\inpenc@posthook=\toks30
)
(/usr/share/texlive/texmf-dist/tex/latex/base/makeidx.sty
Package: makeidx 2014/09/29 v1.0m Standard LaTeX package
)
(/usr/share/texlive/texmf-dist/tex/latex/tools/multicol.sty
Package: multicol 2019/12/09 v1.8y multicolumn formatting (FMi)
\c@tracingmulticols=\count272
\mult@box=\box66
\multicol@leftmargin=\dimen174
\c@unbalance=\count273
\c@collectmore=\count274
\doublecol@number=\count275
\multicoltolerance=\count276
\multicolpretolerance=\count277
\full@width=\dimen175
\page@free=\dimen176
\premulticols=\dimen177
\postmulticols=\dimen178
\multicolsep=\skip79
\multicolbaselineskip=\skip80
\partial@page=\box67
\last@line=\box68
\maxbalancingoverflow=\dimen179
\mult@rightbox=\box69
\mult@grightbox=\box70
\mult@gfirstbox=\box71
\mult@firstbox=\box72
\@tempa=\box73
\@tempa=\box74
\@tempa=\box75
\@tempa=\box76
\@tempa=\box77
\@tempa=\box78
\@tempa=\box79
\@tempa=\box80
\@tempa=\box81
\@tempa=\box82
\@tempa=\box83
\@tempa=\box84
\@tempa=\box85
\@tempa=\box86
\@tempa=\box87
\@tempa=\box88
\@tempa=\box89
\@tempa=\box90
\@tempa=\box91
\@tempa=\box92
\@tempa=\box93
\@tempa=\box94
\@tempa=\box95
\@tempa=\box96
\@tempa=\box97
\@tempa=\box98
\@tempa=\box99
\@tempa=\box100
\@tempa=\box101
\@tempa=\box102
\@tempa=\box103
\@tempa=\box104
\@tempa=\box105
\@tempa=\box106
\@tempa=\box107
\@tempa=\box108
\@tempa=\box109
\c@minrows=\count278
\c@columnbadness=\count279
\c@finalcolumnbadness=\count280
\last@try=\dimen180
\multicolovershoot=\dimen181
\multicolundershoot=\dimen182
\mult@nat@firstbox=\box110
\colbreak@box=\box111
\mc@col@check@num=\count281
)
(/usr/share/texlive/texmf-dist/tex/latex/base/textcomp.sty
Package: textcomp 2020/02/02 v2.0n Standard LaTeX package
)
(/usr/share/texlive/texmf-dist/tex/latex/wasysym/wasysym.sty
Package: wasysym 2020/01/19 v2.4 Wasy-2 symbol support package
\symwasy=\mathgroup6
LaTeX Font Info:    Overwriting symbol font `wasy' in version `bold'
(Font)                  U/wasy/m/n --> U/wasy/b/n on input line 93.
)
(/usr/share/texlive/texmf-dist/tex/generic/iftex/ifxetex.sty
Package: ifxetex 2019/10/25 v0.7 ifxetex legacy package. Use iftex instead.
)
(/usr/share/texlive/texmf-dist/tex/latex/base/fontenc.sty
Package: fontenc 2020/02/11 v2.0o Standard LaTeX package
)
(/usr/share/texlive/texmf-dist/tex/latex/psnfss/helvet.sty
Package: helvet 2005/04/12 PSNFSS-v9.2a (WaS) 
)
(/usr/share/texlive/texmf-dist/tex/latex/psnfss/courier.sty
Package: courier 2005/04/12 PSNFSS-v9.2a (WaS) 
)
(/usr/share/texlive/texmf-dist/tex/latex/sectsty/sectsty.sty
Package: sectsty 2002/02/25 v2.0.2 Commands to change all sectional heading sty
les


LaTeX Warning: Command \underbar  has changed.
               Check if current package is valid.


LaTeX Warning: Command \underline  has changed.
               Check if current package is valid.

) (/usr/share/texlive/texmf-dist/tex/latex/geometry/geometry.sty
Package: geometry 2020/01/02 v5.9 Page Geometry

(/usr/share/texlive/texmf-dist/tex/generic/iftex/ifvtex.sty
Package: ifvtex 2019/10/25 v1.7 ifvtex legacy package. Use iftex instead.
)
\Gm@cnth=\count282
\Gm@cntv=\count283
\c@Gm@tempcnt=\count284
\Gm@bindingoffset=\dimen183
\Gm@wd@mp=\dimen184
\Gm@odd@mp=\dimen185
\Gm@even@mp=\dimen186
\Gm@layoutwidth=\dimen187
\Gm@layoutheight=\dimen188
\Gm@layouthoffset=\dimen189
\Gm@layoutvoffset=\dimen190
\Gm@dimlist=\toks31
)
(/usr/share/texlive/texmf-dist/tex/latex/fancyhdr/fancyhdr.sty
Package: fancyhdr 2019/01/31 v3.10 Extensive control of page headers and footer
s
\f@nch@headwidth=\skip81
\f@nch@O@elh=\skip82
\f@nch@O@erh=\skip83
\f@nch@O@olh=\skip84
\f@nch@O@orh=\skip85
\f@nch@O@elf=\skip86
\f@nch@O@erf=\skip87
\f@nch@O@olf=\skip88
\f@nch@O@orf=\skip89
)
(/usr/share/texlive/texmf-dist/tex/latex/natbib/natbib.sty
Package: natbib 2010/09/13 8.31b (PWD, AO)
\bibhang=\skip90
\bibsep=\skip91
LaTeX Info: Redefining \cite on input line 694.
\c@NAT@ctr=\count285
)
(/usr/share/texlive/texmf-dist/tex/latex/tocloft/tocloft.sty
Package: tocloft 2017/08/31 v2.3i parameterised ToC, etc., typesetting
Package tocloft Info: The document has chapter divisions on input line 51.
\cftparskip=\skip92
\cftbeforetoctitleskip=\skip93
\cftaftertoctitleskip=\skip94
\cftbeforepartskip=\skip95
\cftpartnumwidth=\skip96
\cftpartindent=\skip97
\cftbeforechapskip=\skip98
\cftchapindent=\skip99
\cftchapnumwidth=\skip100
\cftbeforesecskip=\skip101
\cftsecindent=\skip102
\cftsecnumwidth=\skip103
\cftbeforesubsecskip=\skip104
\cftsubsecindent=\skip105
\cftsubsecnumwidth=\skip106
\cftbeforesubsubsecskip=\skip107
\cftsubsubsecindent=\skip108
\cftsubsubsecnumwidth=\skip109
\cftbeforeparaskip=\skip110
\cftparaindent=\skip111
\cftparanumwidth=\skip112
\cftbeforesubparaskip=\skip113
\cftsubparaindent=\skip114
\cftsubparanumwidth=\skip115
\cftbeforeloftitleskip=\skip116
\cftafterloftitleskip=\skip117
\cftbeforefigskip=\skip118
\cftfigindent=\skip119
\cftfignumwidth=\skip120
\c@lofdepth=\count286
\c@lotdepth=\count287
\cftbeforelottitleskip=\skip121
\cftafterlottitleskip=\skip122
\cftbeforetabskip=\skip123
\cfttabindent=\skip124
\cfttabnumwidth=\skip125
)
\@indexfile=\write4
\openout4 = `refman.idx'.


Writing index file refman.idx
(/usr/share/texlive/texmf-dist/tex/latex/newunicodechar/newunicodechar.sty
Package: newunicodechar 2018/04/08 v1.2 Defining Unicode characters
)

Package newunicodechar Warning: Redefining Unicode character on input line 116.



Package newunicodechar Warning: Redefining Unicode character on input line 117.


(/usr/share/texlive/texmf-dist/tex/latex/hyperref/hyperref.sty
Package: hyperref 2020/01/14 v7.00d Hypertext links for LaTeX

(/usr/share/texlive/texmf-dist/tex/generic/ltxcmds/ltxcmds.sty
Package: ltxcmds 2019/12/15 v1.24 LaTeX kernel commands for general use (HO)
)
(/usr/share/texlive/texmf-dist/tex/latex/pdftexcmds/pdftexcmds.sty
Package: pdftexcmds 2019/11/24 v0.31 Utility functions of pdfTeX for LuaTeX (HO
)

(/usr/share/texlive/texmf-dist/tex/generic/infwarerr/infwarerr.sty
Package: infwarerr 2019/12/03 v1.5 Providing info/warning/error messages (HO)
)
Package pdftexcmds Info: \pdf@primitive is available.
Package pdftexcmds Info: \pdf@ifprimitive is available.
Package pdftexcmds Info: \pdfdraftmode found.
)
(/usr/share/texlive/texmf-dist/tex/generic/kvsetkeys/kvsetkeys.sty
Package: kvsetkeys 2019/12/15 v1.18 Key value parser (HO)
)
(/usr/share/texlive/texmf-dist/tex/generic/kvdefinekeys/kvdefinekeys.sty
Package: kvdefinekeys 2019-12-19 v1.6 Define keys (HO)
)
(/usr/share/texlive/texmf-dist/tex/generic/pdfescape/pdfescape.sty
Package: pdfescape 2019/12/09 v1.15 Implements pdfTeX's escape features (HO)
)
(/usr/share/texlive/texmf-dist/tex/latex/hycolor/hycolor.sty
Package: hycolor 2020-01-27 v1.10 Color options for hyperref/bookmark (HO)
)
(/usr/share/texlive/texmf-dist/tex/latex/letltxmacro/letltxmacro.sty
Package: letltxmacro 2019/12/03 v1.6 Let assignment for LaTeX macros (HO)
)
(/usr/share/texlive/texmf-dist/tex/latex/auxhook/auxhook.sty
Package: auxhook 2019-12-17 v1.6 Hooks for auxiliary files (HO)
)
(/usr/share/texlive/texmf-dist/tex/latex/kvoptions/kvoptions.sty
Package: kvoptions 2019/11/29 v3.13 Key value format for package options (HO)
)
\@linkdim=\dimen191
\Hy@linkcounter=\count288
\Hy@pagecounter=\count289

(/usr/share/texlive/texmf-dist/tex/latex/hyperref/pd1enc.def
File: pd1enc.def 2020/01/14 v7.00d Hyperref: PDFDocEncoding definition (HO)
Now handling font encoding PD1 ...
... no UTF-8 mapping file for font encoding PD1
)
(/usr/share/texlive/texmf-dist/tex/generic/intcalc/intcalc.sty
Package: intcalc 2019/12/15 v1.3 Expandable calculations with integers (HO)
)
(/usr/share/texlive/texmf-dist/tex/generic/etexcmds/etexcmds.sty
Package: etexcmds 2019/12/15 v1.7 Avoid name clashes with e-TeX commands (HO)
)
\Hy@SavedSpaceFactor=\count290
\pdfmajorversion=\count291
Package hyperref Info: Hyper figures OFF on input line 4547.
Package hyperref Info: Link nesting OFF on input line 4552.
Package hyperref Info: Hyper index ON on input line 4555.
Package hyperref Info: Plain pages OFF on input line 4562.
Package hyperref Info: Backreferencing ON on input line 4565.
Package hyperref Info: Implicit mode ON; LaTeX internals redefined.
Package hyperref Info: Bookmarks ON on input line 4800.

(/usr/share/texlive/texmf-dist/tex/latex/hyperref/backref.sty
Package: backref 2020/01/14 v1.40 Bibliographical back referencing

(/usr/share/texlive/texmf-dist/tex/latex/rerunfilecheck/rerunfilecheck.sty
Package: rerunfilecheck 2019/12/05 v1.9 Rerun checks for auxiliary files (HO)

(/usr/share/texlive/texmf-dist/tex/latex/atveryend/atveryend.sty
Package: atveryend 2019-12-11 v1.11 Hooks at the very end of document (HO)
)
(/usr/share/texlive/texmf-dist/tex/generic/uniquecounter/uniquecounter.sty
Package: uniquecounter 2019/12/15 v1.4 Provide unlimited unique counter (HO)

(/usr/share/texlive/texmf-dist/tex/generic/bigintcalc/bigintcalc.sty
Package: bigintcalc 2019/12/15 v1.5 Expandable calculations on big integers (HO
)
))
Package uniquecounter Info: New unique counter `rerunfilecheck' on input line 2
86.
))
\c@Hy@tempcnt=\count292

(/usr/share/texlive/texmf-dist/tex/latex/url/url.sty
\Urlmuskip=\muskip16
Package: url 2013/09/16  ver 3.4  Verb mode for urls, etc.
)
LaTeX Info: Redefining \url on input line 5159.
\XeTeXLinkMargin=\dimen192

(/usr/share/texlive/texmf-dist/tex/generic/bitset/bitset.sty
Package: bitset 2019/12/09 v1.3 Handle bit-vector datatype (HO)
)
\Fld@menulength=\count293
\Field@Width=\dimen193
\Fld@charsize=\dimen194
Package hyperref Info: Hyper figures OFF on input line 6430.
Package hyperref Info: Link nesting OFF on input line 6435.
Package hyperref Info: Hyper index ON on input line 6438.
Package hyperref Info: backreferencing ON on input line 6443.
Package hyperref Info: Link coloring OFF on input line 6450.
Package hyperref Info: Link coloring with OCG OFF on input line 6455.
Package hyperref Info: PDF/A mode OFF on input line 6460.
LaTeX Info: Redefining \ref on input line 6500.
LaTeX Info: Redefining \pageref on input line 6504.

(/usr/share/texlive/texmf-dist/tex/generic/atbegshi/atbegshi.sty
Package: atbegshi 2019/12/05 v1.19 At begin shipout hook (HO)
)
\Hy@abspage=\count294
\c@Item=\count295
\c@Hfootnote=\count296
)
Package hyperref Info: Driver: hpdftex.

(/usr/share/texlive/texmf-dist/tex/latex/hyperref/hpdftex.def
File: hpdftex.def 2020/01/14 v7.00d Hyperref driver for pdfTeX
\Fld@listcount=\count297
\c@bookmark@seq@number=\count298
\Hy@SectionHShift=\skip126
)
Package hyperref Info: Option `colorlinks' set `true' on input line 135.
Package hyperref Info: Option `unicode' set `true' on input line 135.

(/usr/share/texlive/texmf-dist/tex/latex/hyperref/puenc.def
File: puenc.def 2020/01/14 v7.00d Hyperref: PDF Unicode definition (HO)
Now handling font encoding PU ...
... no UTF-8 mapping file for font encoding PU
)
(/usr/share/texlive/texmf-dist/tex/latex/caption/caption.sty
Package: caption 2020/01/03 v3.4h Customizing captions (AR)

(/usr/share/texlive/texmf-dist/tex/latex/caption/caption3.sty
Package: caption3 2020/01/03 v1.8h caption3 kernel (AR)
Package caption3 Info: TeX engine: e-TeX on input line 61.
\captionmargin=\dimen195
\captionmargin@=\dimen196
\captionwidth=\dimen197
\caption@tempdima=\dimen198
\caption@indent=\dimen199
\caption@parindent=\dimen256
\caption@hangindent=\dimen257
Package caption Info: Standard document class detected.
)
\c@caption@flags=\count299
\c@continuedfloat=\count300
Package caption Info: float package is loaded.
Package caption Info: hyperref package is loaded.
Package caption Info: longtable package is loaded.

(/usr/share/texlive/texmf-dist/tex/latex/caption/ltcaption.sty
Package: ltcaption 2018/08/26 v1.4a longtable captions (AR)
))
(/usr/share/texlive/texmf-dist/tex/latex/etoc/etoc.sty
Package: etoc 2019/11/17 v1.09b Completely customisable TOCs (JFB)
\Etoc@toctoks=\toks32
\c@etoc@tocid=\count301
\c@etoc@tocdepth=\count302
\etoc@framed@titlebox=\box112
\etoc@framed@contentsbox=\box113
)
(/usr/share/texlive/texmf-dist/tex/latex/l3backend/l3backend-pdfmode.def
File: l3backend-pdfmode.def 2020-02-03 L3 backend support: PDF mode
\l__kernel_color_stack_int=\count303
\l__pdf_internal_box=\box114
)
(./refman.aux)
\openout1 = `refman.aux'.

LaTeX Font Info:    Checking defaults for OML/cmm/m/it on input line 150.
LaTeX Font Info:    ... okay on input line 150.
LaTeX Font Info:    Checking defaults for OMS/cmsy/m/n on input line 150.
LaTeX Font Info:    ... okay on input line 150.
LaTeX Font Info:    Checking defaults for OT1/cmr/m/n on input line 150.
LaTeX Font Info:    ... okay on input line 150.
LaTeX Font Info:    Checking defaults for T1/cmr/m/n on input line 150.
LaTeX Font Info:    ... okay on input line 150.
LaTeX Font Info:    Checking defaults for TS1/cmr/m/n on input line 150.
LaTeX Font Info:    ... okay on input line 150.
LaTeX Font Info:    Checking defaults for OMX/cmex/m/n on input line 150.
LaTeX Font Info:    ... okay on input line 150.
LaTeX Font Info:    Checking defaults for U/cmr/m/n on input line 150.
LaTeX Font Info:    ... okay on input line 150.
LaTeX Font Info:    Checking defaults for PD1/pdf/m/n on input line 150.
LaTeX Font Info:    ... okay on input line 150.
LaTeX Font Info:    Checking defaults for PU/pdf/m/n on input line 150.
LaTeX Font Info:    ... okay on input line 150.
LaTeX Font Info:    Trying to load font information for T1+phv on input line 15
0.
 (/usr/share/texlive/texmf-dist/tex/latex/psnfss/t1phv.fd
File: t1phv.fd 2001/06/04 scalable font definitions for T1/phv.
)
LaTeX Font Info:    Font shape `T1/phv/m/n' will be
(Font)              scaled to size 8.99994pt on input line 150.

(/usr/share/texlive/texmf-dist/tex/context/base/mkii/supp-pdf.mkii
[Loading MPS to PDF converter (version 2006.09.02).]
\scratchcounter=\count304
\scratchdimen=\dimen258
\scratchbox=\box115
\nofMPsegments=\count305
\nofMParguments=\count306
\everyMPshowfont=\toks33
\MPscratchCnt=\count307
\MPscratchDim=\dimen259
\MPnumerator=\count308
\makeMPintoPDFobject=\count309
\everyMPtoPDFconversion=\toks34
) (/usr/share/texlive/texmf-dist/tex/latex/epstopdf-pkg/epstopdf-base.sty
Package: epstopdf-base 2020-01-24 v2.11 Base part for package epstopdf
Package epstopdf-base Info: Redefining graphics rule for `.eps' on input line 4
85.

(/usr/share/texlive/texmf-dist/tex/latex/latexconfig/epstopdf-sys.cfg
File: epstopdf-sys.cfg 2010/07/13 v1.3 Configuration of (r)epstopdf for TeX Liv
e
))
*geometry* driver: auto-detecting
*geometry* detected driver: pdftex
*geometry* verbose mode - [ preamble ] result:
* driver: pdftex
* paper: a4paper
* layout: <same size as paper>
* layoutoffset:(h,v)=(0.0pt,0.0pt)
* modes: twoside 
* h-part:(L,W,R)=(71.13188pt, 455.24411pt, 71.13188pt)
* v-part:(T,H,B)=(71.13188pt, 702.78308pt, 71.13188pt)
* \paperwidth=597.50787pt
* \paperheight=845.04684pt
* \textwidth=455.24411pt
* \textheight=702.78308pt
* \oddsidemargin=-1.1381pt
* \evensidemargin=-1.1381pt
* \topmargin=-31.2056pt
* \headheight=12.0pt
* \headsep=18.06749pt
* \topskip=10.0pt
* \footskip=25.29494pt
* \marginparwidth=125.0pt
* \marginparsep=7.0pt
* \columnsep=10.0pt
* \skip\footins=9.0pt plus 4.0pt minus 2.0pt
* \hoffset=0.0pt
* \voffset=0.0pt
* \mag=1000
* \@twocolumnfalse
* \@twosidetrue
* \@mparswitchtrue
* \@reversemarginfalse
* (1in=72.27pt=25.4mm, 1cm=28.453pt)

Package backref Info: ** backref set up for natbib ** on input line 150.
\AtBeginShipoutBox=\box116
Package hyperref Info: Link coloring ON on input line 150.
(/usr/share/texlive/texmf-dist/tex/latex/hyperref/nameref.sty
Package: nameref 2019/09/16 v2.46 Cross-referencing by name of section

(/usr/share/texlive/texmf-dist/tex/latex/refcount/refcount.sty
Package: refcount 2019/12/15 v3.6 Data extraction from label references (HO)
)
(/usr/share/texlive/texmf-dist/tex/generic/gettitlestring/gettitlestring.sty
Package: gettitlestring 2019/12/15 v1.6 Cleanup title references (HO)
)
\c@section@level=\count310
)
LaTeX Info: Redefining \ref on input line 150.
LaTeX Info: Redefining \pageref on input line 150.
LaTeX Info: Redefining \nameref on input line 150.

(./refman.out) (./refman.out)
\@outlinefile=\write5
\openout5 = `refman.out'.

Package caption Info: Begin \AtBeginDocument code.
Package caption Info: End \AtBeginDocument code.
\Etoc@tf=\read4
Package hyperref Info: Option `pageanchor' set `false' on input line 156.
Package hyperref Info: Option `bookmarksnumbered' set `true' on input line 156.

Package hyperref Info: Option `unicode' set `true' on input line 156.
LaTeX Font Info:    Font shape `T1/phv/m/n' will be
(Font)              scaled to size 12.9599pt on input line 161.
LaTeX Font Info:    Font shape `T1/phv/m/n' will be
(Font)              scaled to size 10.79993pt on input line 163.
 [1


{/usr/share/texlive/texmf-dist/fonts/map/pdftex/updmap/pdftex.map}] [2

]
\tf@toc=\write6
\openout6 = `refman.toc'.

LaTeX Font Info:    Font shape `T1/phv/b/n' will be
(Font)              scaled to size 8.99994pt on input line 169.
LaTeX Font Info:    Trying to load font information for U+msa on input line 169
.

(/usr/share/texlive/texmf-dist/tex/latex/amsfonts/umsa.fd
File: umsa.fd 2013/01/14 v3.01 AMS symbols A
)
LaTeX Font Info:    Trying to load font information for U+msb on input line 169
.

(/usr/share/texlive/texmf-dist/tex/latex/amsfonts/umsb.fd
File: umsb.fd 2013/01/14 v3.01 AMS symbols B
)
LaTeX Font Info:    Trying to load font information for U+wasy on input line 16
9.

(/usr/share/texlive/texmf-dist/tex/latex/wasysym/uwasy.fd
File: uwasy.fd 2020/01/19 v2.4 Wasy-2 symbol font definitions
)
LaTeX Font Info:    Font shape `T1/phv/m/n' will be
(Font)              scaled to size 6.29996pt on input line 169.
LaTeX Font Info:    Font shape `T1/phv/b/n' will be
(Font)              scaled to size 6.29996pt on input line 169.
 [1] [2] [3] [4]
[5] [6] [7] [8]
Package hyperref Info: Option `pageanchor' set `true' on input line 171.

Chapter 1.
LaTeX Font Info:    Font shape `T1/phv/m/n' will be
(Font)              scaled to size 18.66588pt on input line 174.
LaTeX Font Info:    Font shape `T1/phv/b/n' will be
(Font)              scaled to size 18.66588pt on input line 174.
LaTeX Font Info:    Font shape `T1/phv/bc/n' will be
(Font)              scaled to size 18.66588pt on input line 174.
LaTeX Font Info:    Font shape `T1/phv/m/n' will be
(Font)              scaled to size 22.39185pt on input line 174.
LaTeX Font Info:    Font shape `T1/phv/b/n' will be
(Font)              scaled to size 22.39185pt on input line 174.
LaTeX Font Info:    Font shape `T1/phv/bc/n' will be
(Font)              scaled to size 22.39185pt on input line 174.
(./namespaces.tex
LaTeX Font Info:    Font shape `T1/phv/b/n' will be
(Font)              scaled to size 12.9599pt on input line 1.
) [1


] [2

]
Chapter 2.
(./hierarchy.tex) [3] [4

]
Chapter 3.
(./annotated.tex [5]) [6]
Chapter 4.
(./files.tex [7

]) [8]
Chapter 5.
(./namespaceUi.tex) [9

] [10

]
Chapter 6.
(./classButton.tex
LaTeX Font Info:    Trying to load font information for T1+pcr on input line 10
.
 (/usr/share/texlive/texmf-dist/tex/latex/psnfss/t1pcr.fd
File: t1pcr.fd 2001/06/04 font definitions for T1/pcr.
) <./classButton__inherit__graph.pdf

pdfTeX warning: pdflatex (file ./classButton__inherit__graph.pdf): PDF inclusio
n: multiple pdfs with page group included in a single page
>
<classButton__inherit__graph.pdf, id=1830, 266.9975pt x 277.035pt>
File: classButton__inherit__graph.pdf Graphic file (type pdf)
<use classButton__inherit__graph.pdf>
Package pdftex.def Info: classButton__inherit__graph.pdf  used on input line 19
.
(pdftex.def)             Requested size: 266.0pt x 276.02823pt.
 <./classButton__coll__graph.pdf

pdfTeX warning: pdflatex (file ./classButton__coll__graph.pdf): PDF inclusion: 
multiple pdfs with page group included in a single page
>
<classButton__coll__graph.pdf, id=1838, 266.9975pt x 277.035pt>
File: classButton__coll__graph.pdf Graphic file (type pdf)
<use classButton__coll__graph.pdf>
Package pdftex.def Info: classButton__coll__graph.pdf  used on input line 29.
(pdftex.def)             Requested size: 266.0pt x 276.02823pt.
 [11]
LaTeX Font Info:    Font shape `T1/phv/b/n' will be
(Font)              scaled to size 10.79993pt on input line 32.
LaTeX Font Info:    Trying to load font information for TS1+phv on input line 3
5.
 (/usr/share/texlive/texmf-dist/tex/latex/psnfss/ts1phv.fd
File: ts1phv.fd 2001/06/04 scalable font definitions for TS1/phv.
)
LaTeX Font Info:    Font shape `TS1/phv/m/n' will be
(Font)              scaled to size 8.99994pt on input line 35.
LaTeX Font Info:    Font shape `T1/phv/m/n' will be
(Font)              scaled to size 8.09995pt on input line 36.
LaTeX Font Info:    Font shape `T1/phv/m/it' in size <9> not available
(Font)              Font shape `T1/phv/m/sl' tried instead on input line 36.
LaTeX Font Info:    Font shape `T1/phv/m/sl' will be
(Font)              scaled to size 8.09995pt on input line 36.
 [12]
LaTeX Font Info:    Font shape `T1/phv/m/n' will be
(Font)              scaled to size 7.19995pt on input line 70.
LaTeX Font Info:    Font shape `T1/pcr/m/it' in size <8> not available
(Font)              Font shape `T1/pcr/m/sl' tried instead on input line 70.
 [13]
[14] [15]) (./classEnemy.tex <./classEnemy__inherit__graph.pdf

pdfTeX warning: pdflatex (file ./classEnemy__inherit__graph.pdf): PDF inclusion
: multiple pdfs with page group included in a single page
>
<classEnemy__inherit__graph.pdf, id=1913, 282.05376pt x 310.15875pt>
File: classEnemy__inherit__graph.pdf Graphic file (type pdf)
<use classEnemy__inherit__graph.pdf>
Package pdftex.def Info: classEnemy__inherit__graph.pdf  used on input line 19.

(pdftex.def)             Requested size: 281.0pt x 309.02216pt.
 <./classEnemy__coll__graph.pdf

pdfTeX warning: pdflatex (file ./classEnemy__coll__graph.pdf): PDF inclusion: m
ultiple pdfs with page group included in a single page
>
<classEnemy__coll__graph.pdf, id=1921, 282.05376pt x 310.15875pt>
File: classEnemy__coll__graph.pdf Graphic file (type pdf)
<use classEnemy__coll__graph.pdf>
Package pdftex.def Info: classEnemy__coll__graph.pdf  used on input line 29.
(pdftex.def)             Requested size: 281.0pt x 309.02216pt.

Underfull \vbox (badness 10000) has occurred while \output is active []

 [16]
[17]
LaTeX Font Info:    Font shape `T1/pcr/m/it' in size <7> not available
(Font)              Font shape `T1/pcr/m/sl' tried instead on input line 69.
 [18]) (./classEnemyItem.tex <./classEnemyItem__inherit__graph.pdf

pdfTeX warning: pdflatex (file ./classEnemyItem__inherit__graph.pdf): PDF inclu
sion: multiple pdfs with page group included in a single page
>
<classEnemyItem__inherit__graph.pdf, id=1982, 200.75pt x 332.24126pt>
File: classEnemyItem__inherit__graph.pdf Graphic file (type pdf)
<use classEnemyItem__inherit__graph.pdf>
Package pdftex.def Info: classEnemyItem__inherit__graph.pdf  used on input line
 19.
(pdftex.def)             Requested size: 200.0pt x 331.02373pt.
 [19] <./classEnemyItem__coll__graph.pdf

pdfTeX warning: pdflatex (file ./classEnemyItem__coll__graph.pdf): PDF inclusio
n: multiple pdfs with page group included in a single page
>
<classEnemyItem__coll__graph.pdf, id=1995, 200.75pt x 332.24126pt>
File: classEnemyItem__coll__graph.pdf Graphic file (type pdf)
<use classEnemyItem__coll__graph.pdf>
Package pdftex.def Info: classEnemyItem__coll__graph.pdf  used on input line 29
.
(pdftex.def)             Requested size: 200.0pt x 331.02373pt.
 [20] [21]
Underfull \hbox (badness 10000) detected at line 88
[][][]
 []


Underfull \hbox (badness 10000) detected at line 101
[][][]
 []

[22]
Underfull \hbox (badness 10000) detected at line 114
[][][]
 []


Underfull \hbox (badness 10000) detected at line 127
[][][]
 []


Underfull \vbox (badness 10000) has occurred while \output is active []

 [23])
(./classGameInfo.tex <./classGameInfo__inherit__graph.pdf

pdfTeX warning: pdflatex (file ./classGameInfo__inherit__graph.pdf): PDF inclus
ion: multiple pdfs with page group included in a single page
>
<classGameInfo__inherit__graph.pdf, id=2053, 193.72375pt x 288.07625pt>
File: classGameInfo__inherit__graph.pdf Graphic file (type pdf)
<use classGameInfo__inherit__graph.pdf>
Package pdftex.def Info: classGameInfo__inherit__graph.pdf  used on input line 
19.
(pdftex.def)             Requested size: 193.0pt x 287.00298pt.

Underfull \vbox (badness 1558) has occurred while \output is active []

 [24] <./classGameInfo__coll__graph.pdf

pdfTeX warning: pdflatex (file ./classGameInfo__coll__graph.pdf): PDF inclusion
: multiple pdfs with page group included in a single page
>
<classGameInfo__coll__graph.pdf, id=2067, 193.72375pt x 288.07625pt>
File: classGameInfo__coll__graph.pdf Graphic file (type pdf)
<use classGameInfo__coll__graph.pdf>
Package pdftex.def Info: classGameInfo__coll__graph.pdf  used on input line 29.

(pdftex.def)             Requested size: 193.0pt x 287.00298pt.

Underfull \vbox (badness 1033) has occurred while \output is active []

 [25]
[26]) (./classGameMaster.tex [27] <./classGameMaster__inherit__graph.pdf

pdfTeX warning: pdflatex (file ./classGameMaster__inherit__graph.pdf): PDF incl
usion: multiple pdfs with page group included in a single page
>
<classGameMaster__inherit__graph.pdf, id=2120, 160.6pt x 232.87pt>
File: classGameMaster__inherit__graph.pdf Graphic file (type pdf)
<use classGameMaster__inherit__graph.pdf>
Package pdftex.def Info: classGameMaster__inherit__graph.pdf  used on input lin
e 19.
(pdftex.def)             Requested size: 160.0pt x 232.00595pt.
 <./classGameMaster__coll__graph.pdf

pdfTeX warning: pdflatex (file ./classGameMaster__coll__graph.pdf): PDF inclusi
on: multiple pdfs with page group included in a single page
>
<classGameMaster__coll__graph.pdf, id=2128, 160.6pt x 232.87pt>
File: classGameMaster__coll__graph.pdf Graphic file (type pdf)
<use classGameMaster__coll__graph.pdf>
Package pdftex.def Info: classGameMaster__coll__graph.pdf  used on input line 2
9.
(pdftex.def)             Requested size: 160.0pt x 232.00595pt.
 [28]) (./classHeart.tex <./classHeart__inherit__graph.pdf>
<classHeart__inherit__graph.pdf, id=2153, 266.9975pt x 254.9525pt>
File: classHeart__inherit__graph.pdf Graphic file (type pdf)
<use classHeart__inherit__graph.pdf>
Package pdftex.def Info: classHeart__inherit__graph.pdf  used on input line 19.

(pdftex.def)             Requested size: 266.0pt x 254.02597pt.
 <./classHeart__coll__graph.pdf

pdfTeX warning: pdflatex (file ./classHeart__coll__graph.pdf): PDF inclusion: m
ultiple pdfs with page group included in a single page
>
<classHeart__coll__graph.pdf, id=2161, 266.9975pt x 254.9525pt>
File: classHeart__coll__graph.pdf Graphic file (type pdf)
<use classHeart__coll__graph.pdf>
Package pdftex.def Info: classHeart__coll__graph.pdf  used on input line 29.
(pdftex.def)             Requested size: 266.0pt x 254.02597pt.
 [29] [30]) (./classHorizontalLowerBar.tex <./classHorizontalLowerBar__inherit_
_graph.pdf>
<classHorizontalLowerBar__inherit__graph.pdf, id=2204, 266.9975pt x 254.9525pt>

File: classHorizontalLowerBar__inherit__graph.pdf Graphic file (type pdf)
<use classHorizontalLowerBar__inherit__graph.pdf>
Package pdftex.def Info: classHorizontalLowerBar__inherit__graph.pdf  used on i
nput line 19.
(pdftex.def)             Requested size: 266.0pt x 254.02597pt.
 <./classHorizontalLowerBar__coll__graph.pdf

pdfTeX warning: pdflatex (file ./classHorizontalLowerBar__coll__graph.pdf): PDF
 inclusion: multiple pdfs with page group included in a single page
>
<classHorizontalLowerBar__coll__graph.pdf, id=2212, 404.51125pt x 265.99374pt>
File: classHorizontalLowerBar__coll__graph.pdf Graphic file (type pdf)
<use classHorizontalLowerBar__coll__graph.pdf>
Package pdftex.def Info: classHorizontalLowerBar__coll__graph.pdf  used on inpu
t line 29.
(pdftex.def)             Requested size: 350.0pt x 230.15448pt.
 [31] [32]) (./classHorizontalUpperBar.tex <./classHorizontalUpperBar__inherit_
_graph.pdf>
<classHorizontalUpperBar__inherit__graph.pdf, id=2263, 266.9975pt x 254.9525pt>

File: classHorizontalUpperBar__inherit__graph.pdf Graphic file (type pdf)
<use classHorizontalUpperBar__inherit__graph.pdf>
Package pdftex.def Info: classHorizontalUpperBar__inherit__graph.pdf  used on i
nput line 19.
(pdftex.def)             Requested size: 266.0pt x 254.02597pt.
 [33] <./classHorizontalUpperBar__coll__graph.pdf

pdfTeX warning: pdflatex (file ./classHorizontalUpperBar__coll__graph.pdf): PDF
 inclusion: multiple pdfs with page group included in a single page
>
<classHorizontalUpperBar__coll__graph.pdf, id=2278, 426.59375pt x 394.47375pt>
File: classHorizontalUpperBar__coll__graph.pdf Graphic file (type pdf)
<use classHorizontalUpperBar__coll__graph.pdf>
Package pdftex.def Info: classHorizontalUpperBar__coll__graph.pdf  used on inpu
t line 29.
(pdftex.def)             Requested size: 350.0pt x 323.66919pt.

Underfull \vbox (badness 10000) has occurred while \output is active []

 [34]
[35]) (./classMainWindow.tex <./classMainWindow__inherit__graph.pdf>
<classMainWindow__inherit__graph.pdf, id=2329, 187.70125pt x 277.035pt>
File: classMainWindow__inherit__graph.pdf Graphic file (type pdf)
<use classMainWindow__inherit__graph.pdf>
Package pdftex.def Info: classMainWindow__inherit__graph.pdf  used on input lin
e 19.
(pdftex.def)             Requested size: 187.0pt x 276.01555pt.
 [36] <./classMainWindow__coll__graph.pdf

pdfTeX warning: pdflatex (file ./classMainWindow__coll__graph.pdf): PDF inclusi
on: multiple pdfs with page group included in a single page
>
<classMainWindow__coll__graph.pdf, id=2342, 187.70125pt x 277.035pt>
File: classMainWindow__coll__graph.pdf Graphic file (type pdf)
<use classMainWindow__coll__graph.pdf>
Package pdftex.def Info: classMainWindow__coll__graph.pdf  used on input line 2
9.
(pdftex.def)             Requested size: 187.0pt x 276.01555pt.
 [37] [38]) (./classMapWindow.tex <./classMapWindow__inherit__graph.pdf

pdfTeX warning: pdflatex (file ./classMapWindow__inherit__graph.pdf): PDF inclu
sion: multiple pdfs with page group included in a single page
>
<classMapWindow__inherit__graph.pdf, id=2382, 230.8625pt x 354.32375pt>
File: classMapWindow__inherit__graph.pdf Graphic file (type pdf)
<use classMapWindow__inherit__graph.pdf>
Package pdftex.def Info: classMapWindow__inherit__graph.pdf  used on input line
 19.
(pdftex.def)             Requested size: 230.0pt x 353.00368pt.
 [39] <./classMapWindow__coll__graph.pdf

pdfTeX warning: pdflatex (file ./classMapWindow__coll__graph.pdf): PDF inclusio
n: multiple pdfs with page group included in a single page
>
<classMapWindow__coll__graph.pdf, id=2403, 242.9075pt x 365.365pt>
File: classMapWindow__coll__graph.pdf Graphic file (type pdf)
<use classMapWindow__coll__graph.pdf>
Package pdftex.def Info: classMapWindow__coll__graph.pdf  used on input line 29
.
(pdftex.def)             Requested size: 242.0pt x 363.99821pt.

Underfull \vbox (badness 10000) has occurred while \output is active []

 [40]
[41] [42]
Underfull \hbox (badness 10000) detected at line 136
[][][]
 []

[43] [44]) (./classObstacle.tex <./classObstacle__inherit__graph.pdf

pdfTeX warning: pdflatex (file ./classObstacle__inherit__graph.pdf): PDF inclus
ion: multiple pdfs with page group included in a single page
>
<classObstacle__inherit__graph.pdf, id=2492, 191.71625pt x 243.91125pt>
File: classObstacle__inherit__graph.pdf Graphic file (type pdf)
<use classObstacle__inherit__graph.pdf>
Package pdftex.def Info: classObstacle__inherit__graph.pdf  used on input line 
19.
(pdftex.def)             Requested size: 191.0pt x 243.01369pt.
 <./classObstacle__coll__graph.pdf

pdfTeX warning: pdflatex (file ./classObstacle__coll__graph.pdf): PDF inclusion
: multiple pdfs with page group included in a single page
>
<classObstacle__coll__graph.pdf, id=2500, 191.71625pt x 243.91125pt>
File: classObstacle__coll__graph.pdf Graphic file (type pdf)
<use classObstacle__coll__graph.pdf>
Package pdftex.def Info: classObstacle__coll__graph.pdf  used on input line 29.

(pdftex.def)             Requested size: 191.0pt x 243.01369pt.
 [45]
Underfull \vbox (badness 10000) has occurred while \output is active []

 [46])
(./classObstacleItem.tex <./classObstacleItem__inherit__graph.pdf>
<classObstacleItem__inherit__graph.pdf, id=2537, 187.70125pt x 232.87pt>
File: classObstacleItem__inherit__graph.pdf Graphic file (type pdf)
<use classObstacleItem__inherit__graph.pdf>
Package pdftex.def Info: classObstacleItem__inherit__graph.pdf  used on input l
ine 19.
(pdftex.def)             Requested size: 187.0pt x 232.01306pt.
 <./classObstacleItem__coll__graph.pdf

pdfTeX warning: pdflatex (file ./classObstacleItem__coll__graph.pdf): PDF inclu
sion: multiple pdfs with page group included in a single page
>
<classObstacleItem__coll__graph.pdf, id=2545, 187.70125pt x 232.87pt>
File: classObstacleItem__coll__graph.pdf Graphic file (type pdf)
<use classObstacleItem__coll__graph.pdf>
Package pdftex.def Info: classObstacleItem__coll__graph.pdf  used on input line
 29.
(pdftex.def)             Requested size: 187.0pt x 232.01306pt.
 [47]) (./structpixmapIcons.tex <./structpixmapIcons__coll__graph.pdf>
<structpixmapIcons__coll__graph.pdf, id=2562, 170.6375pt x 265.99374pt>
File: structpixmapIcons__coll__graph.pdf Graphic file (type pdf)
<use structpixmapIcons__coll__graph.pdf>
Package pdftex.def Info: structpixmapIcons__coll__graph.pdf  used on input line
 19.
(pdftex.def)             Requested size: 170.0pt x 265.01492pt.

[48] [49]) (./classPopUp.tex <./classPopUp__inherit__graph.pdf>
<classPopUp__inherit__graph.pdf, id=2594, 266.9975pt x 299.1175pt>
File: classPopUp__inherit__graph.pdf Graphic file (type pdf)
<use classPopUp__inherit__graph.pdf>
Package pdftex.def Info: classPopUp__inherit__graph.pdf  used on input line 19.

(pdftex.def)             Requested size: 266.0pt x 298.03049pt.
 <./classPopUp__coll__graph.pdf

pdfTeX warning: pdflatex (file ./classPopUp__coll__graph.pdf): PDF inclusion: m
ultiple pdfs with page group included in a single page
>
<classPopUp__coll__graph.pdf, id=2602, 296.10625pt x 449.68pt>
File: classPopUp__coll__graph.pdf Graphic file (type pdf)
<use classPopUp__coll__graph.pdf>
Package pdftex.def Info: classPopUp__coll__graph.pdf  used on input line 29.
(pdftex.def)             Requested size: 295.0pt x 448.01154pt.
 [50] [51] [52]) (./classQDialog.tex <./classQDialog__inherit__graph.pdf

pdfTeX warning: pdflatex (file ./classQDialog__inherit__graph.pdf): PDF inclusi
on: multiple pdfs with page group included in a single page
>
<classQDialog__inherit__graph.pdf, id=2663, 214.8025pt x 299.1175pt>
File: classQDialog__inherit__graph.pdf Graphic file (type pdf)
<use classQDialog__inherit__graph.pdf>
Package pdftex.def Info: classQDialog__inherit__graph.pdf  used on input line 1
0.
(pdftex.def)             Requested size: 214.0pt x 298.0031pt.
 [53] <./classQDialog__coll__graph.pdf

pdfTeX warning: pdflatex (file ./classQDialog__coll__graph.pdf): PDF inclusion:
 multiple pdfs with page group included in a single page
>
<classQDialog__coll__graph.pdf, id=2675, 136.51pt x 138.5175pt>
File: classQDialog__coll__graph.pdf Graphic file (type pdf)
<use classQDialog__coll__graph.pdf>
Package pdftex.def Info: classQDialog__coll__graph.pdf  used on input line 20.
(pdftex.def)             Requested size: 136.0pt x 138.00777pt.
 [54]) (./classQGraphicsEllipseItem.tex <./classQGraphicsEllipseItem__inherit__
graph.pdf>
<classQGraphicsEllipseItem__inherit__graph.pdf, id=2691, 541.02126pt x 354.3237
5pt>
File: classQGraphicsEllipseItem__inherit__graph.pdf Graphic file (type pdf)
<use classQGraphicsEllipseItem__inherit__graph.pdf>
Package pdftex.def Info: classQGraphicsEllipseItem__inherit__graph.pdf  used on
 input line 10.
(pdftex.def)             Requested size: 350.0pt x 229.2264pt.
 <./classQGraphicsEllipseItem__coll__graph.pdf

pdfTeX warning: pdflatex (file ./classQGraphicsEllipseItem__coll__graph.pdf): P
DF inclusion: multiple pdfs with page group included in a single page
>
<classQGraphicsEllipseItem__coll__graph.pdf, id=2699, 202.7575pt x 138.5175pt>
File: classQGraphicsEllipseItem__coll__graph.pdf Graphic file (type pdf)
<use classQGraphicsEllipseItem__coll__graph.pdf>
Package pdftex.def Info: classQGraphicsEllipseItem__coll__graph.pdf  used on in
put line 20.
(pdftex.def)             Requested size: 202.0pt x 138.00354pt.
) (./classQGraphicsRectItem.tex <./classQGraphicsRectItem__inherit__graph.pdf

pdfTeX warning: pdflatex (file ./classQGraphicsRectItem__inherit__graph.pdf): P
DF inclusion: multiple pdfs with page group included in a single page
>
<classQGraphicsRectItem__inherit__graph.pdf, id=2708, 863.225pt x 299.1175pt>
File: classQGraphicsRectItem__inherit__graph.pdf Graphic file (type pdf)
<use classQGraphicsRectItem__inherit__graph.pdf>
Package pdftex.def Info: classQGraphicsRectItem__inherit__graph.pdf  used on in
put line 10.
(pdftex.def)             Requested size: 350.0pt x 121.27884pt.
 [55] <./classQGraphicsRectItem__coll__graph.pdf>
<classQGraphicsRectItem__coll__graph.pdf, id=2724, 191.71625pt x 138.5175pt>
File: classQGraphicsRectItem__coll__graph.pdf Graphic file (type pdf)
<use classQGraphicsRectItem__coll__graph.pdf>
Package pdftex.def Info: classQGraphicsRectItem__coll__graph.pdf  used on input
 line 20.
(pdftex.def)             Requested size: 191.0pt x 138.00777pt.
)
(./classQGraphicsTextItem.tex <./classQGraphicsTextItem__inherit__graph.pdf

pdfTeX warning: pdflatex (file ./classQGraphicsTextItem__inherit__graph.pdf): P
DF inclusion: multiple pdfs with page group included in a single page
>
<classQGraphicsTextItem__inherit__graph.pdf, id=2733, 319.1925pt x 288.07625pt>

File: classQGraphicsTextItem__inherit__graph.pdf Graphic file (type pdf)
<use classQGraphicsTextItem__inherit__graph.pdf>
Package pdftex.def Info: classQGraphicsTextItem__inherit__graph.pdf  used on in
put line 10.
(pdftex.def)             Requested size: 318.0pt x 287.00298pt.

Underfull \vbox (badness 10000) has occurred while \output is active []

 [56] <./classQGraphicsTextItem__coll__graph.pdf>
<classQGraphicsTextItem__coll__graph.pdf, id=2748, 190.7125pt x 138.5175pt>
File: classQGraphicsTextItem__coll__graph.pdf Graphic file (type pdf)
<use classQGraphicsTextItem__coll__graph.pdf>
Package pdftex.def Info: classQGraphicsTextItem__coll__graph.pdf  used on input
 line 20.
(pdftex.def)             Requested size: 190.0pt x 138.00565pt.
) (./classQMainWindow.tex <./classQMainWindow__inherit__graph.pdf

pdfTeX warning: pdflatex (file ./classQMainWindow__inherit__graph.pdf): PDF inc
lusion: multiple pdfs with page group included in a single page
>
<classQMainWindow__inherit__graph.pdf, id=2757, 187.70125pt x 277.035pt>
File: classQMainWindow__inherit__graph.pdf Graphic file (type pdf)
<use classQMainWindow__inherit__graph.pdf>
Package pdftex.def Info: classQMainWindow__inherit__graph.pdf  used on input li
ne 10.
(pdftex.def)             Requested size: 187.0pt x 276.01555pt.
 [57] <./classQMainWindow__coll__graph.pdf>
<classQMainWindow__coll__graph.pdf, id=2773, 167.62625pt x 138.5175pt>
File: classQMainWindow__coll__graph.pdf Graphic file (type pdf)
<use classQMainWindow__coll__graph.pdf>
Package pdftex.def Info: classQMainWindow__coll__graph.pdf  used on input line 
20.
(pdftex.def)             Requested size: 167.0pt x 137.99931pt.
) (./classQObject.tex <./classQObject__inherit__graph.pdf

pdfTeX warning: pdflatex (file ./classQObject__inherit__graph.pdf): PDF inclusi
on: multiple pdfs with page group included in a single page
>
<classQObject__inherit__graph.pdf, id=2782, 1334.9875pt x 354.32375pt>
File: classQObject__inherit__graph.pdf Graphic file (type pdf)
<use classQObject__inherit__graph.pdf>
Package pdftex.def Info: classQObject__inherit__graph.pdf  used on input line 1
0.
(pdftex.def)             Requested size: 350.0pt x 92.89513pt.
 [58] <./classQObject__coll__graph.pdf>
<classQObject__coll__graph.pdf, id=2797, 136.51pt x 138.5175pt>
File: classQObject__coll__graph.pdf Graphic file (type pdf)
<use classQObject__coll__graph.pdf>
Package pdftex.def Info: classQObject__coll__graph.pdf  used on input line 20.
(pdftex.def)             Requested size: 136.0pt x 138.00777pt.
) (./classQTableWidgetItem.tex <./classQTableWidgetItem__inherit__graph.pdf

pdfTeX warning: pdflatex (file ./classQTableWidgetItem__inherit__graph.pdf): PD
F inclusion: multiple pdfs with page group included in a single page
>
<classQTableWidgetItem__inherit__graph.pdf, id=2806, 445.665pt x 332.24126pt>
File: classQTableWidgetItem__inherit__graph.pdf Graphic file (type pdf)
<use classQTableWidgetItem__inherit__graph.pdf>
Package pdftex.def Info: classQTableWidgetItem__inherit__graph.pdf  used on inp
ut line 10.
(pdftex.def)             Requested size: 350.0pt x 260.92654pt.

Underfull \vbox (badness 10000) has occurred while \output is active []

 [59] <./classQTableWidgetItem__coll__graph.pdf>
<classQTableWidgetItem__coll__graph.pdf, id=2821, 187.70125pt x 138.5175pt>
File: classQTableWidgetItem__coll__graph.pdf Graphic file (type pdf)
<use classQTableWidgetItem__coll__graph.pdf>
Package pdftex.def Info: classQTableWidgetItem__coll__graph.pdf  used on input 
line 20.
(pdftex.def)             Requested size: 187.0pt x 138.00777pt.
) (./classQWidget.tex <./classQWidget__inherit__graph.pdf

pdfTeX warning: pdflatex (file ./classQWidget__inherit__graph.pdf): PDF inclusi
on: multiple pdfs with page group included in a single page
>
<classQWidget__inherit__graph.pdf, id=2830, 230.8625pt x 354.32375pt>
File: classQWidget__inherit__graph.pdf Graphic file (type pdf)
<use classQWidget__inherit__graph.pdf>
Package pdftex.def Info: classQWidget__inherit__graph.pdf  used on input line 1
0.
(pdftex.def)             Requested size: 230.0pt x 353.00368pt.

Underfull \vbox (badness 1112) has occurred while \output is active []

 [60] <./classQWidget__coll__graph.pdf>
<classQWidget__coll__graph.pdf, id=2853, 139.52126pt x 138.5175pt>
File: classQWidget__coll__graph.pdf Graphic file (type pdf)
<use classQWidget__coll__graph.pdf>
Package pdftex.def Info: classQWidget__coll__graph.pdf  used on input line 20.
(pdftex.def)             Requested size: 139.0pt x 138.00354pt.
) (./classRobotItem.tex [61] <./classRobotItem__inherit__graph.pdf>
<classRobotItem__inherit__graph.pdf, id=2870, 187.70125pt x 288.07625pt>
File: classRobotItem__inherit__graph.pdf Graphic file (type pdf)
<use classRobotItem__inherit__graph.pdf>
Package pdftex.def Info: classRobotItem__inherit__graph.pdf  used on input line
 19.
(pdftex.def)             Requested size: 187.0pt x 287.01616pt.
 <./classRobotItem__coll__graph.pdf

pdfTeX warning: pdflatex (file ./classRobotItem__coll__graph.pdf): PDF inclusio
n: multiple pdfs with page group included in a single page
>
<classRobotItem__coll__graph.pdf, id=2878, 187.70125pt x 288.07625pt>
File: classRobotItem__coll__graph.pdf Graphic file (type pdf)
<use classRobotItem__coll__graph.pdf>
Package pdftex.def Info: classRobotItem__coll__graph.pdf  used on input line 29
.
(pdftex.def)             Requested size: 187.0pt x 287.01616pt.

Underfull \vbox (badness 10000) has occurred while \output is active []

 [62]
[63]
Underfull \hbox (badness 10000) detected at line 80
[][][]
 []


Underfull \hbox (badness 10000) detected at line 93
[][][]
 []

[64]) (./classRobotParamDialog.tex <./classRobotParamDialog__inherit__graph.pdf


pdfTeX warning: pdflatex (file ./classRobotParamDialog__inherit__graph.pdf): PD
F inclusion: multiple pdfs with page group included in a single page
>
<classRobotParamDialog__inherit__graph.pdf, id=2920, 214.8025pt x 299.1175pt>
File: classRobotParamDialog__inherit__graph.pdf Graphic file (type pdf)
<use classRobotParamDialog__inherit__graph.pdf>
Package pdftex.def Info: classRobotParamDialog__inherit__graph.pdf  used on inp
ut line 19.
(pdftex.def)             Requested size: 214.0pt x 298.0031pt.

Underfull \vbox (badness 10000) has occurred while \output is active []

 [65] <./classRobotParamDialog__coll__graph.pdf

pdfTeX warning: pdflatex (file ./classRobotParamDialog__coll__graph.pdf): PDF i
nclusion: multiple pdfs with page group included in a single page
>
<classRobotParamDialog__coll__graph.pdf, id=2934, 214.8025pt x 299.1175pt>
File: classRobotParamDialog__coll__graph.pdf Graphic file (type pdf)
<use classRobotParamDialog__coll__graph.pdf>
Package pdftex.def Info: classRobotParamDialog__coll__graph.pdf  used on input 
line 29.
(pdftex.def)             Requested size: 214.0pt x 298.0031pt.
 [66] [67]
Underfull \hbox (badness 10000) detected at line 92
[][][]
 []


Underfull \hbox (badness 10000) detected at line 105
[][][]
 []


Underfull \hbox (badness 10000) detected at line 118
[][][]
 []


Underfull \hbox (badness 10000) detected at line 131
[][][]
 []

) (./classStar.tex <./classStar__inherit__graph.pdf

pdfTeX warning: pdflatex (file ./classStar__inherit__graph.pdf): PDF inclusion:
 multiple pdfs with page group included in a single page
>
<classStar__inherit__graph.pdf, id=2977, 277.035pt x 254.9525pt>
File: classStar__inherit__graph.pdf Graphic file (type pdf)
<use classStar__inherit__graph.pdf>
Package pdftex.def Info: classStar__inherit__graph.pdf  used on input line 19.
(pdftex.def)             Requested size: 276.0pt x 254.00262pt.
 [68] <./classStar__coll__graph.pdf

pdfTeX warning: pdflatex (file ./classStar__coll__graph.pdf): PDF inclusion: mu
ltiple pdfs with page group included in a single page
>
<classStar__coll__graph.pdf, id=2989, 277.035pt x 254.9525pt>
File: classStar__coll__graph.pdf Graphic file (type pdf)
<use classStar__coll__graph.pdf>
Package pdftex.def Info: classStar__coll__graph.pdf  used on input line 29.
(pdftex.def)             Requested size: 276.0pt x 254.00262pt.
 [69] [70]) (./classTimer.tex <./classTimer__inherit__graph.pdf

pdfTeX warning: pdflatex (file ./classTimer__inherit__graph.pdf): PDF inclusion
: multiple pdfs with page group included in a single page
>
<classTimer__inherit__graph.pdf, id=3029, 190.7125pt x 277.035pt>
File: classTimer__inherit__graph.pdf Graphic file (type pdf)
<use classTimer__inherit__graph.pdf>
Package pdftex.def Info: classTimer__inherit__graph.pdf  used on input line 19.

(pdftex.def)             Requested size: 190.0pt x 276.01132pt.
 <./classTimer__coll__graph.pdf

pdfTeX warning: pdflatex (file ./classTimer__coll__graph.pdf): PDF inclusion: m
ultiple pdfs with page group included in a single page
>
<classTimer__coll__graph.pdf, id=3037, 190.7125pt x 277.035pt>
File: classTimer__coll__graph.pdf Graphic file (type pdf)
<use classTimer__coll__graph.pdf>
Package pdftex.def Info: classTimer__coll__graph.pdf  used on input line 29.
(pdftex.def)             Requested size: 190.0pt x 276.01132pt.
 [71] [72] [73]) (./classUser.tex <./classUser__inherit__graph.pdf

pdfTeX warning: pdflatex (file ./classUser__inherit__graph.pdf): PDF inclusion:
 multiple pdfs with page group included in a single page
>
<classUser__inherit__graph.pdf, id=3089, 290.08376pt x 354.32375pt>
File: classUser__inherit__graph.pdf Graphic file (type pdf)
<use classUser__inherit__graph.pdf>
Package pdftex.def Info: classUser__inherit__graph.pdf  used on input line 19.
(pdftex.def)             Requested size: 289.0pt x 353.0199pt.
 <./classUser__coll__graph.pdf

pdfTeX warning: pdflatex (file ./classUser__coll__graph.pdf): PDF inclusion: mu
ltiple pdfs with page group included in a single page
>
<classUser__coll__graph.pdf, id=3097, 425.59pt x 365.365pt>
File: classUser__coll__graph.pdf Graphic file (type pdf)
<use classUser__coll__graph.pdf>
Package pdftex.def Info: classUser__coll__graph.pdf  used on input line 29.
(pdftex.def)             Requested size: 350.0pt x 300.48766pt.
 [74] [75]
Underfull \vbox (badness 10000) has occurred while \output is active []

 [76]
[77] [78]) [79] [80

]
Chapter 7.
(./button_8cpp.tex <./button_8cpp__incl.pdf

pdfTeX warning: pdflatex (file ./button_8cpp__incl.pdf): PDF inclusion: multipl
e pdfs with page group included in a single page
>
<button_8cpp__incl.pdf, id=3201, 1191.45125pt x 212.795pt>
File: button_8cpp__incl.pdf Graphic file (type pdf)
<use button_8cpp__incl.pdf>
Package pdftex.def Info: button_8cpp__incl.pdf  used on input line 15.
(pdftex.def)             Requested size: 350.0pt x 62.51097pt.

Underfull \hbox (badness 10000) detected at line 23
[][][]
 []


Underfull \hbox (badness 10000) detected at line 26
[][][]
 []

) (./button_8h.tex <./button_8h__incl.pdf

pdfTeX warning: pdflatex (file ./button_8h__incl.pdf): PDF inclusion: multiple 
pdfs with page group included in a single page
>
<button_8h__incl.pdf, id=3211, 1191.45125pt x 156.585pt>
File: button_8h__incl.pdf Graphic file (type pdf)
<use button_8h__incl.pdf>
Package pdftex.def Info: button_8h__incl.pdf  used on input line 24.
(pdftex.def)             Requested size: 350.0pt x 45.99863pt.
 [81] <./button_8h__dep__incl.pdf>
<button_8h__dep__incl.pdf, id=3226, 386.44376pt x 269.005pt>
File: button_8h__dep__incl.pdf Graphic file (type pdf)
<use button_8h__dep__incl.pdf>
Package pdftex.def Info: button_8h__dep__incl.pdf  used on input line 32.
(pdftex.def)             Requested size: 350.0pt x 243.6374pt.
 [82]
Underfull \hbox (badness 10000) detected at line 45
[][][]
 []


Underfull \hbox (badness 10000) detected at line 48
[][][]
 []

) (./enemy_8cpp.tex <./enemy_8cpp__incl.pdf>
<enemy_8cpp__incl.pdf, id=3248, 1472.50125pt x 325.215pt>
File: enemy_8cpp__incl.pdf Graphic file (type pdf)
<use enemy_8cpp__incl.pdf>
Package pdftex.def Info: enemy_8cpp__incl.pdf  used on input line 14.
(pdftex.def)             Requested size: 350.0pt x 77.2989pt.

Underfull \hbox (badness 10000) detected at line 22
[][][]
 []


Underfull \hbox (badness 10000) detected at line 25
[][][]
 []

) (./enemy_8h.tex <./enemy_8h__incl.pdf

pdfTeX warning: pdflatex (file ./enemy_8h__incl.pdf): PDF inclusion: multiple p
dfs with page group included in a single page
>
<enemy_8h__incl.pdf, id=3259, 1472.50125pt x 269.005pt>
File: enemy_8h__incl.pdf Graphic file (type pdf)
<use enemy_8h__incl.pdf>
Package pdftex.def Info: enemy_8h__incl.pdf  used on input line 29.
(pdftex.def)             Requested size: 350.0pt x 63.9386pt.
 [83] <./enemy_8h__dep__incl.pdf>
<enemy_8h__dep__incl.pdf, id=3273, 330.23375pt x 212.795pt>
File: enemy_8h__dep__incl.pdf Graphic file (type pdf)
<use enemy_8h__dep__incl.pdf>
Package pdftex.def Info: enemy_8h__dep__incl.pdf  used on input line 37.
(pdftex.def)             Requested size: 329.0pt x 212.00868pt.
 [84]
Underfull \hbox (badness 10000) detected at line 50
[][][]
 []


Underfull \hbox (badness 10000) detected at line 53
[][][]
 []

) (./enemyitem_8cpp.tex <./enemyitem_8cpp__incl.pdf>
<enemyitem_8cpp__incl.pdf, id=3295, 173.64874pt x 212.795pt>
File: enemyitem_8cpp__incl.pdf Graphic file (type pdf)
<use enemyitem_8cpp__incl.pdf>
Package pdftex.def Info: enemyitem_8cpp__incl.pdf  used on input line 14.
(pdftex.def)             Requested size: 173.0pt x 212.00868pt.

Underfull \hbox (badness 10000) detected at line 22
[][][]
 []


Underfull \hbox (badness 10000) detected at line 25
[][][]
 []

) (./enemyitem_8h.tex <./enemyitem_8h__incl.pdf

pdfTeX warning: pdflatex (file ./enemyitem_8h__incl.pdf): PDF inclusion: multip
le pdfs with page group included in a single page
>
<enemyitem_8h__incl.pdf, id=3305, 169.63374pt x 156.585pt>
File: enemyitem_8h__incl.pdf Graphic file (type pdf)
<use enemyitem_8h__incl.pdf>
Package pdftex.def Info: enemyitem_8h__incl.pdf  used on input line 14.
(pdftex.def)             Requested size: 169.0pt x 156.0064pt.
 [85] <./enemyitem_8h__dep__incl.pdf>
<enemyitem_8h__dep__incl.pdf, id=3319, 287.0725pt x 156.585pt>
File: enemyitem_8h__dep__incl.pdf Graphic file (type pdf)
<use enemyitem_8h__dep__incl.pdf>
Package pdftex.def Info: enemyitem_8h__dep__incl.pdf  used on input line 22.
(pdftex.def)             Requested size: 286.0pt x 156.004pt.

Underfull \hbox (badness 10000) detected at line 35
[][][]
 []


Underfull \hbox (badness 10000) detected at line 38
[][][]
 []

) (./gameinfo_8cpp.tex [86] <./gameinfo_8cpp__incl.pdf>
<gameinfo_8cpp__incl.pdf, id=3339, 580.1675pt x 212.795pt>
File: gameinfo_8cpp__incl.pdf Graphic file (type pdf)
<use gameinfo_8cpp__incl.pdf>
Package pdftex.def Info: gameinfo_8cpp__incl.pdf  used on input line 14.
(pdftex.def)             Requested size: 350.0pt x 128.37282pt.

Underfull \hbox (badness 10000) detected at line 22
[][][]
 []


Underfull \hbox (badness 10000) detected at line 25
[][][]
 []

) (./gameinfo_8h.tex <./gameinfo_8h__incl.pdf

pdfTeX warning: pdflatex (file ./gameinfo_8h__incl.pdf): PDF inclusion: multipl
e pdfs with page group included in a single page
>
<gameinfo_8h__incl.pdf, id=3349, 580.1675pt x 156.585pt>
File: gameinfo_8h__incl.pdf Graphic file (type pdf)
<use gameinfo_8h__incl.pdf>
Package pdftex.def Info: gameinfo_8h__incl.pdf  used on input line 19.
(pdftex.def)             Requested size: 350.0pt x 94.46303pt.
 <./gameinfo_8h__dep__incl.pdf

pdfTeX warning: pdflatex (file ./gameinfo_8h__dep__incl.pdf): PDF inclusion: mu
ltiple pdfs with page group included in a single page
>
<gameinfo_8h__dep__incl.pdf, id=3357, 342.27875pt x 269.005pt>
File: gameinfo_8h__dep__incl.pdf Graphic file (type pdf)
<use gameinfo_8h__dep__incl.pdf>
Package pdftex.def Info: gameinfo_8h__dep__incl.pdf  used on input line 27.
(pdftex.def)             Requested size: 341.0pt x 268.0192pt.
 [87]
Underfull \hbox (badness 10000) detected at line 40
[][][]
 []


Underfull \hbox (badness 10000) detected at line 43
[][][]
 []

) (./gamemaster_8cpp.tex <./gamemaster_8cpp__incl.pdf>
<gamemaster_8cpp__incl.pdf, id=3380, 4056.15375pt x 381.425pt>
File: gamemaster_8cpp__incl.pdf Graphic file (type pdf)
<use gamemaster_8cpp__incl.pdf>
Package pdftex.def Info: gamemaster_8cpp__incl.pdf  used on input line 14.
(pdftex.def)             Requested size: 350.0pt x 32.91249pt.
 [88]
Underfull \hbox (badness 10000) detected at line 22
[][][]
 []


Underfull \hbox (badness 10000) detected at line 25
[][][]
 []

) (./gamemaster_8h.tex <./gamemaster_8h__incl.pdf>
<gamemaster_8h__incl.pdf, id=3399, 4056.15375pt x 325.215pt>
File: gamemaster_8h__incl.pdf Graphic file (type pdf)
<use gamemaster_8h__incl.pdf>
Package pdftex.def Info: gamemaster_8h__incl.pdf  used on input line 31.
(pdftex.def)             Requested size: 350.0pt x 28.06223pt.
 <./gamemaster_8h__dep__incl.pdf

pdfTeX warning: pdflatex (file ./gamemaster_8h__dep__incl.pdf): PDF inclusion: 
multiple pdfs with page group included in a single page
>
<gamemaster_8h__dep__incl.pdf, id=3407, 258.9675pt x 156.585pt>
File: gamemaster_8h__dep__incl.pdf Graphic file (type pdf)
<use gamemaster_8h__dep__incl.pdf>
Package pdftex.def Info: gamemaster_8h__dep__incl.pdf  used on input line 39.
(pdftex.def)             Requested size: 258.0pt x 156.01595pt.
 [89]
Underfull \hbox (badness 10000) detected at line 52
[][][]
 []


Underfull \hbox (badness 10000) detected at line 55
[][][]
 []

) (./heart_8cpp.tex <./heart_8cpp__incl.pdf>
<heart_8cpp__incl.pdf, id=3428, 844.15375pt x 212.795pt>
File: heart_8cpp__incl.pdf Graphic file (type pdf)
<use heart_8cpp__incl.pdf>
Package pdftex.def Info: heart_8cpp__incl.pdf  used on input line 14.
(pdftex.def)             Requested size: 350.0pt x 88.23033pt.
 [90]
Underfull \hbox (badness 10000) detected at line 22
[][][]
 []


Underfull \hbox (badness 10000) detected at line 25
[][][]
 []

) (./heart_8h.tex <./heart_8h__incl.pdf>
<heart_8h__incl.pdf, id=3446, 844.15375pt x 156.585pt>
File: heart_8h__incl.pdf Graphic file (type pdf)
<use heart_8h__incl.pdf>
Package pdftex.def Info: heart_8h__incl.pdf  used on input line 21.
(pdftex.def)             Requested size: 350.0pt x 64.92421pt.
 <./heart_8h__dep__incl.pdf

pdfTeX warning: pdflatex (file ./heart_8h__dep__incl.pdf): PDF inclusion: multi
ple pdfs with page group included in a single page
>
<heart_8h__dep__incl.pdf, id=3454, 359.3425pt x 269.005pt>
File: heart_8h__dep__incl.pdf Graphic file (type pdf)
<use heart_8h__dep__incl.pdf>
Package pdftex.def Info: heart_8h__dep__incl.pdf  used on input line 29.
(pdftex.def)             Requested size: 350.0pt x 262.03047pt.

Underfull \vbox (badness 2608) has occurred while \output is active []

 [91]
Underfull \hbox (badness 10000) detected at line 42
[][][]
 []


Underfull \hbox (badness 10000) detected at line 45
[][][]
 []

) (./horizontalbar_8cpp.tex <./horizontalbar_8cpp__incl.pdf>
<horizontalbar_8cpp__incl.pdf, id=3474, 2043.635pt x 325.215pt>
File: horizontalbar_8cpp__incl.pdf Graphic file (type pdf)
<use horizontalbar_8cpp__incl.pdf>
Package pdftex.def Info: horizontalbar_8cpp__incl.pdf  used on input line 14.
(pdftex.def)             Requested size: 350.0pt x 55.69272pt.
 [92]
Underfull \hbox (badness 10000) detected at line 22
[][][]
 []


Underfull \hbox (badness 10000) detected at line 25
[][][]
 []

) (./horizontalbar_8h.tex <./horizontalbar_8h__incl.pdf>
<horizontalbar_8h__incl.pdf, id=3491, 2043.635pt x 269.005pt>
File: horizontalbar_8h__incl.pdf Graphic file (type pdf)
<use horizontalbar_8h__incl.pdf>
Package pdftex.def Info: horizontalbar_8h__incl.pdf  used on input line 30.
(pdftex.def)             Requested size: 350.0pt x 46.06682pt.
 <./horizontalbar_8h__dep__incl.pdf

pdfTeX warning: pdflatex (file ./horizontalbar_8h__dep__incl.pdf): PDF inclusio
n: multiple pdfs with page group included in a single page
>
<horizontalbar_8h__dep__incl.pdf, id=3499, 342.27875pt x 212.795pt>
File: horizontalbar_8h__dep__incl.pdf Graphic file (type pdf)
<use horizontalbar_8h__dep__incl.pdf>
Package pdftex.def Info: horizontalbar_8h__dep__incl.pdf  used on input line 38
.
(pdftex.def)             Requested size: 341.0pt x 212.01518pt.
 [93]
Underfull \hbox (badness 10000) detected at line 53
[][][]
 []


Underfull \hbox (badness 10000) detected at line 56
[][][]
 []

) (./main_8cpp.tex <./main_8cpp__incl.pdf>
<main_8cpp__incl.pdf, id=3522, 4003.95876pt x 381.425pt>
File: main_8cpp__incl.pdf Graphic file (type pdf)
<use main_8cpp__incl.pdf>
Package pdftex.def Info: main_8cpp__incl.pdf  used on input line 15.
(pdftex.def)             Requested size: 350.0pt x 33.33734pt.
 [94]
Underfull \hbox (badness 10000) detected at line 28
[][][]
 []


Underfull \hbox (badness 10000) detected at line 31
[][][]
 []

) (./mainwindow_8cpp.tex <./mainwindow_8cpp__incl.pdf>
<mainwindow_8cpp__incl.pdf, id=3540, 1891.065pt x 212.795pt>
File: mainwindow_8cpp__incl.pdf Graphic file (type pdf)
<use mainwindow_8cpp__incl.pdf>
Package pdftex.def Info: mainwindow_8cpp__incl.pdf  used on input line 16.
(pdftex.def)             Requested size: 350.0pt x 39.38269pt.

Underfull \hbox (badness 10000) detected at line 24
[][][]
 []


Underfull \hbox (badness 10000) detected at line 27
[][][]
 []

) (./mainwindow_8h.tex [95] <./mainwindow_8h__incl.pdf>
<mainwindow_8h__incl.pdf, id=3556, 506.89375pt x 156.585pt>
File: mainwindow_8h__incl.pdf Graphic file (type pdf)
<use mainwindow_8h__incl.pdf>
Package pdftex.def Info: mainwindow_8h__incl.pdf  used on input line 18.
(pdftex.def)             Requested size: 350.0pt x 108.12021pt.
 <./mainwindow_8h__dep__incl.pdf

pdfTeX warning: pdflatex (file ./mainwindow_8h__dep__incl.pdf): PDF inclusion: 
multiple pdfs with page group included in a single page
>
<mainwindow_8h__dep__incl.pdf, id=3564, 339.2675pt x 212.795pt>
File: mainwindow_8h__dep__incl.pdf Graphic file (type pdf)
<use mainwindow_8h__dep__incl.pdf>
Package pdftex.def Info: mainwindow_8h__dep__incl.pdf  used on input line 26.
(pdftex.def)             Requested size: 338.0pt x 212.00868pt.
 [96]
Underfull \hbox (badness 10000) detected at line 44
[][][]
 []


Underfull \hbox (badness 10000) detected at line 47
[][][]
 []

) (./mapwindow_8cpp.tex <./mapwindow_8cpp__incl.pdf>
<mapwindow_8cpp__incl.pdf, id=3582, 2205.23875pt x 212.795pt>
File: mapwindow_8cpp__incl.pdf Graphic file (type pdf)
<use mapwindow_8cpp__incl.pdf>
Package pdftex.def Info: mapwindow_8cpp__incl.pdf  used on input line 19.
(pdftex.def)             Requested size: 350.0pt x 33.7719pt.

Underfull \hbox (badness 10000) detected at line 27
[][][]
 []


Underfull \hbox (badness 10000) detected at line 30
[][][]
 []

) (./mapwindow_8h.tex <./mapwindow_8h__incl.pdf

pdfTeX warning: pdflatex (file ./mapwindow_8h__incl.pdf): PDF inclusion: multip
le pdfs with page group included in a single page
>
<mapwindow_8h__incl.pdf, id=3590, 1524.69624pt x 156.585pt>
File: mapwindow_8h__incl.pdf Graphic file (type pdf)
<use mapwindow_8h__incl.pdf>
Package pdftex.def Info: mapwindow_8h__incl.pdf  used on input line 28.
(pdftex.def)             Requested size: 350.0pt x 35.94449pt.
 [97] <./mapwindow_8h__dep__incl.pdf>
<mapwindow_8h__dep__incl.pdf, id=3607, 453.695pt x 212.795pt>
File: mapwindow_8h__dep__incl.pdf Graphic file (type pdf)
<use mapwindow_8h__dep__incl.pdf>
Package pdftex.def Info: mapwindow_8h__dep__incl.pdf  used on input line 36.
(pdftex.def)             Requested size: 350.0pt x 164.1611pt.
 [98]
Underfull \hbox (badness 10000) detected at line 66
[][][]
 []


Underfull \hbox (badness 10000) detected at line 69
[][][]
 []

) (./obstacle_8cpp.tex <./obstacle_8cpp__incl.pdf>
<obstacle_8cpp__incl.pdf, id=3633, 527.9725pt x 212.795pt>
File: obstacle_8cpp__incl.pdf Graphic file (type pdf)
<use obstacle_8cpp__incl.pdf>
Package pdftex.def Info: obstacle_8cpp__incl.pdf  used on input line 14.
(pdftex.def)             Requested size: 350.0pt x 141.06204pt.
 [99]
Underfull \hbox (badness 10000) detected at line 22
[][][]
 []


Underfull \hbox (badness 10000) detected at line 25
[][][]
 []

) (./obstacle_8h.tex <./obstacle_8h__incl.pdf

pdfTeX warning: pdflatex (file ./obstacle_8h__incl.pdf): PDF inclusion: multipl
e pdfs with page group included in a single page
>
<obstacle_8h__incl.pdf, id=3652, 527.9725pt x 156.585pt>
File: obstacle_8h__incl.pdf Graphic file (type pdf)
<use obstacle_8h__incl.pdf>
Package pdftex.def Info: obstacle_8h__incl.pdf  used on input line 18.
(pdftex.def)             Requested size: 350.0pt x 103.80037pt.
 <./obstacle_8h__dep__incl.pdf

pdfTeX warning: pdflatex (file ./obstacle_8h__dep__incl.pdf): PDF inclusion: mu
ltiple pdfs with page group included in a single page
>
<obstacle_8h__dep__incl.pdf, id=3660, 513.92pt x 325.215pt>
File: obstacle_8h__dep__incl.pdf Graphic file (type pdf)
<use obstacle_8h__dep__incl.pdf>
Package pdftex.def Info: obstacle_8h__dep__incl.pdf  used on input line 26.
(pdftex.def)             Requested size: 350.0pt x 221.48567pt.
 [100]
Underfull \hbox (badness 10000) detected at line 39
[][][]
 []


Underfull \hbox (badness 10000) detected at line 42
[][][]
 []

) (./obstacleitem_8h.tex <./obstacleitem_8h__incl.pdf>
<obstacleitem_8h__incl.pdf, id=3680, 169.63374pt x 156.585pt>
File: obstacleitem_8h__incl.pdf Graphic file (type pdf)
<use obstacleitem_8h__incl.pdf>
Package pdftex.def Info: obstacleitem_8h__incl.pdf  used on input line 14.
(pdftex.def)             Requested size: 169.0pt x 156.0064pt.
 [101] <./obstacleitem_8h__dep__incl.pdf>
<obstacleitem_8h__dep__incl.pdf, id=3695, 175.65625pt x 156.585pt>
File: obstacleitem_8h__dep__incl.pdf Graphic file (type pdf)
<use obstacleitem_8h__dep__incl.pdf>
Package pdftex.def Info: obstacleitem_8h__dep__incl.pdf  used on input line 22.

(pdftex.def)             Requested size: 175.0pt x 156.01117pt.

Underfull \hbox (badness 10000) detected at line 35
[][][]
 []


Underfull \hbox (badness 10000) detected at line 38
[][][]
 []

) (./popup_8cpp.tex <./popup_8cpp__incl.pdf

pdfTeX warning: pdflatex (file ./popup_8cpp__incl.pdf): PDF inclusion: multiple
 pdfs with page group included in a single page
>
<popup_8cpp__incl.pdf, id=3707, 1437.37pt x 269.005pt>
File: popup_8cpp__incl.pdf Graphic file (type pdf)
<use popup_8cpp__incl.pdf>
Package pdftex.def Info: popup_8cpp__incl.pdf  used on input line 14.
(pdftex.def)             Requested size: 350.0pt x 65.50249pt.
 [102]
Underfull \hbox (badness 10000) detected at line 22
[][][]
 []


Underfull \hbox (badness 10000) detected at line 25
[][][]
 []

) (./popup_8h.tex <./popup_8h__incl.pdf>
<popup_8h__incl.pdf, id=3723, 1437.37pt x 212.795pt>
File: popup_8h__incl.pdf Graphic file (type pdf)
<use popup_8h__incl.pdf>
Package pdftex.def Info: popup_8h__incl.pdf  used on input line 27.
(pdftex.def)             Requested size: 350.0pt x 51.8154pt.
 <./popup_8h__dep__incl.pdf

pdfTeX warning: pdflatex (file ./popup_8h__dep__incl.pdf): PDF inclusion: multi
ple pdfs with page group included in a single page
>
<popup_8h__dep__incl.pdf, id=3731, 308.15125pt x 212.795pt>
File: popup_8h__dep__incl.pdf Graphic file (type pdf)
<use popup_8h__dep__incl.pdf>
Package pdftex.def Info: popup_8h__dep__incl.pdf  used on input line 35.
(pdftex.def)             Requested size: 307.0pt x 212.01518pt.
 [103]
Underfull \hbox (badness 10000) detected at line 48
[][][]
 []


Underfull \hbox (badness 10000) detected at line 51
[][][]
 []

) (./robotdialog_8cpp.tex <./robotdialog_8cpp__incl.pdf>
<robotdialog_8cpp__incl.pdf, id=3749, 485.815pt x 212.795pt>
File: robotdialog_8cpp__incl.pdf Graphic file (type pdf)
<use robotdialog_8cpp__incl.pdf>
Package pdftex.def Info: robotdialog_8cpp__incl.pdf  used on input line 14.
(pdftex.def)             Requested size: 350.0pt x 153.30318pt.
 [104]
Underfull \hbox (badness 10000) detected at line 22
[][][]
 []


Underfull \hbox (badness 10000) detected at line 25
[][][]
 []

) (./robotdialog_8h.tex <./robotdialog_8h__incl.pdf>
<robotdialog_8h__incl.pdf, id=3764, 485.815pt x 156.585pt>
File: robotdialog_8h__incl.pdf Graphic file (type pdf)
<use robotdialog_8h__incl.pdf>
Package pdftex.def Info: robotdialog_8h__incl.pdf  used on input line 18.
(pdftex.def)             Requested size: 350.0pt x 112.808pt.
 <./robotdialog_8h__dep__incl.pdf

pdfTeX warning: pdflatex (file ./robotdialog_8h__dep__incl.pdf): PDF inclusion:
 multiple pdfs with page group included in a single page
>
<robotdialog_8h__dep__incl.pdf, id=3772, 287.0725pt x 156.585pt>
File: robotdialog_8h__dep__incl.pdf Graphic file (type pdf)
<use robotdialog_8h__dep__incl.pdf>
Package pdftex.def Info: robotdialog_8h__dep__incl.pdf  used on input line 26.
(pdftex.def)             Requested size: 286.0pt x 156.004pt.
 [105]
Underfull \hbox (badness 10000) detected at line 39
[][][]
 []


Underfull \hbox (badness 10000) detected at line 42
[][][]
 []

) (./robotitem_8cpp.tex <./robotitem_8cpp__incl.pdf>
<robotitem_8cpp__incl.pdf, id=3790, 169.63374pt x 212.795pt>
File: robotitem_8cpp__incl.pdf Graphic file (type pdf)
<use robotitem_8cpp__incl.pdf>
Package pdftex.def Info: robotitem_8cpp__incl.pdf  used on input line 14.
(pdftex.def)             Requested size: 169.0pt x 212.00868pt.
 [106]
Underfull \hbox (badness 10000) detected at line 22
[][][]
 []


Underfull \hbox (badness 10000) detected at line 25
[][][]
 []

) (./robotitem_8h.tex <./robotitem_8h__incl.pdf>
<robotitem_8h__incl.pdf, id=3805, 169.63374pt x 156.585pt>
File: robotitem_8h__incl.pdf Graphic file (type pdf)
<use robotitem_8h__incl.pdf>
Package pdftex.def Info: robotitem_8h__incl.pdf  used on input line 14.
(pdftex.def)             Requested size: 169.0pt x 156.0064pt.
 <./robotitem_8h__dep__incl.pdf

pdfTeX warning: pdflatex (file ./robotitem_8h__dep__incl.pdf): PDF inclusion: m
ultiple pdfs with page group included in a single page
>
<robotitem_8h__dep__incl.pdf, id=3813, 279.0425pt x 156.585pt>
File: robotitem_8h__dep__incl.pdf Graphic file (type pdf)
<use robotitem_8h__dep__incl.pdf>
Package pdftex.def Info: robotitem_8h__dep__incl.pdf  used on input line 22.
(pdftex.def)             Requested size: 278.0pt x 156.004pt.
 [107]
Underfull \hbox (badness 10000) detected at line 35
[][][]
 []


Underfull \hbox (badness 10000) detected at line 38
[][][]
 []

) (./star_8cpp.tex <./star_8cpp__incl.pdf>
<star_8cpp__incl.pdf, id=3832, 793.96625pt x 212.795pt>
File: star_8cpp__incl.pdf Graphic file (type pdf)
<use star_8cpp__incl.pdf>
Package pdftex.def Info: star_8cpp__incl.pdf  used on input line 14.
(pdftex.def)             Requested size: 350.0pt x 93.80542pt.
 [108]
Underfull \hbox (badness 10000) detected at line 22
[][][]
 []


Underfull \hbox (badness 10000) detected at line 25
[][][]
 []

) (./star_8h.tex <./star_8h__incl.pdf>
<star_8h__incl.pdf, id=3850, 793.96625pt x 156.585pt>
File: star_8h__incl.pdf Graphic file (type pdf)
<use star_8h__incl.pdf>
Package pdftex.def Info: star_8h__incl.pdf  used on input line 21.
(pdftex.def)             Requested size: 350.0pt x 69.02663pt.
 <./star_8h__dep__incl.pdf

pdfTeX warning: pdflatex (file ./star_8h__dep__incl.pdf): PDF inclusion: multip
le pdfs with page group included in a single page
>
<star_8h__dep__incl.pdf, id=3858, 449.68pt x 325.215pt>
File: star_8h__dep__incl.pdf Graphic file (type pdf)
<use star_8h__dep__incl.pdf>
Package pdftex.def Info: star_8h__dep__incl.pdf  used on input line 29.
(pdftex.def)             Requested size: 350.0pt x 253.1357pt.

Underfull \vbox (badness 2150) has occurred while \output is active []

 [109]
Underfull \hbox (badness 10000) detected at line 42
[][][]
 []


Underfull \hbox (badness 10000) detected at line 45
[][][]
 []

) (./timer_8cpp.tex <./timer_8cpp__incl.pdf>
<timer_8cpp__incl.pdf, id=3878, 580.1675pt x 212.795pt>
File: timer_8cpp__incl.pdf Graphic file (type pdf)
<use timer_8cpp__incl.pdf>
Package pdftex.def Info: timer_8cpp__incl.pdf  used on input line 14.
(pdftex.def)             Requested size: 350.0pt x 128.37282pt.
 [110]
Underfull \hbox (badness 10000) detected at line 22
[][][]
 []


Underfull \hbox (badness 10000) detected at line 25
[][][]
 []

) (./timer_8h.tex <./timer_8h__incl.pdf>
<timer_8h__incl.pdf, id=3895, 580.1675pt x 156.585pt>
File: timer_8h__incl.pdf Graphic file (type pdf)
<use timer_8h__incl.pdf>
Package pdftex.def Info: timer_8h__incl.pdf  used on input line 19.
(pdftex.def)             Requested size: 350.0pt x 94.46303pt.
 <./timer_8h__dep__incl.pdf

pdfTeX warning: pdflatex (file ./timer_8h__dep__incl.pdf): PDF inclusion: multi
ple pdfs with page group included in a single page
>
<timer_8h__dep__incl.pdf, id=3903, 359.3425pt x 269.005pt>
File: timer_8h__dep__incl.pdf Graphic file (type pdf)
<use timer_8h__dep__incl.pdf>
Package pdftex.def Info: timer_8h__dep__incl.pdf  used on input line 27.
(pdftex.def)             Requested size: 350.0pt x 262.03047pt.
 [111]
Underfull \hbox (badness 10000) detected at line 40
[][][]
 []


Underfull \hbox (badness 10000) detected at line 43
[][][]
 []

) (./user_8cpp.tex <./user_8cpp__incl.pdf>
<user_8cpp__incl.pdf, id=3924, 1252.68pt x 325.215pt>
File: user_8cpp__incl.pdf Graphic file (type pdf)
<use user_8cpp__incl.pdf>
Package pdftex.def Info: user_8cpp__incl.pdf  used on input line 15.
(pdftex.def)             Requested size: 350.0pt x 90.86604pt.
 [112]
Underfull \hbox (badness 10000) detected at line 23
[][][]
 []


Underfull \hbox (badness 10000) detected at line 26
[][][]
 []

) (./user_8h.tex <./user_8h__incl.pdf>
<user_8h__incl.pdf, id=3943, 1081.03876pt x 212.795pt>
File: user_8h__incl.pdf Graphic file (type pdf)
<use user_8h__incl.pdf>
Package pdftex.def Info: user_8h__incl.pdf  used on input line 26.
(pdftex.def)             Requested size: 350.0pt x 68.89453pt.
 <./user_8h__dep__incl.pdf

pdfTeX warning: pdflatex (file ./user_8h__dep__incl.pdf): PDF inclusion: multip
le pdfs with page group included in a single page
>
<user_8h__dep__incl.pdf, id=3951, 449.68pt x 269.005pt>
File: user_8h__dep__incl.pdf Graphic file (type pdf)
<use user_8h__dep__incl.pdf>
Package pdftex.def Info: user_8h__dep__incl.pdf  used on input line 34.
(pdftex.def)             Requested size: 350.0pt x 209.38385pt.
 [113]
Underfull \hbox (badness 10000) detected at line 47
[][][]
 []


Underfull \hbox (badness 10000) detected at line 50
[][][]
 []

) [114] (./refman.ind [115



] [116] [117] [118])
Package atveryend Info: Empty hook `BeforeClearDocument' on input line 257.
Package atveryend Info: Empty hook `AfterLastShipout' on input line 257.
 (./refman.aux)
Package atveryend Info: Executing hook `AtVeryEndDocument' on input line 257.
Package atveryend Info: Executing hook `AtEndAfterFileList' on input line 257.
Package rerunfilecheck Info: File `refman.out' has not changed.
(rerunfilecheck)             Checksum: 99018B3FE6B7871EAAF79E8DC9E849C6;59492.
 ) 
Here is how much of TeX's memory you used:
 18558 strings out of 483183
 291231 string characters out of 5966227
 580707 words of memory out of 5000000
 32335 multiletter control sequences out of 15000+600000
 591415 words of font info for 99 fonts, out of 8000000 for 9000
 14 hyphenation exceptions out of 8191
 55i,16n,96p,938b,627s stack positions out of 5000i,500n,10000p,200000b,80000s
{/usr/share/texlive/texmf-dist/fonts/enc/dvips/base/8r.enc}</usr/share/texliv
e/texmf-dist/fonts/type1/public/amsfonts/cm/cmmi10.pfb></usr/share/texlive/texm
f-dist/fonts/type1/public/amsfonts/cm/cmmi7.pfb></usr/share/texlive/texmf-dist/
fonts/type1/public/amsfonts/cm/cmsy10.pfb></usr/share/texlive/texmf-dist/fonts/
type1/public/amsfonts/cm/cmsy7.pfb></usr/share/texlive/texmf-dist/fonts/type1/p
ublic/amsfonts/cm/cmsy8.pfb></usr/share/texlive/texmf-dist/fonts/type1/public/a
msfonts/cm/cmsy9.pfb></usr/share/texlive/texmf-dist/fonts/type1/urw/courier/ucr
r8a.pfb></usr/share/texlive/texmf-dist/fonts/type1/urw/courier/ucrro8a.pfb></us
r/share/texlive/texmf-dist/fonts/type1/urw/helvetic/uhvb8a.pfb></usr/share/texl
ive/texmf-dist/fonts/type1/urw/helvetic/uhvb8ac.pfb></usr/share/texlive/texmf-d
ist/fonts/type1/urw/helvetic/uhvr8a.pfb></usr/share/texlive/texmf-dist/fonts/ty
pe1/urw/helvetic/uhvro8a.pfb>
Output written on refman.pdf (128 pages, 1152660 bytes).
PDF statistics:
 4500 PDF objects out of 5155 (max. 8388607)
 3963 compressed objects within 40 object streams
 789 named destinations out of 1000 (max. 500000)
 2849 words of extra memory for PDF output out of 10000 (max. 10000000)

