\BOOKMARK [0][-]{chapter.1}{\376\377\0001\000\040\000N\000a\000m\000e\000s\000p\000a\000c\000e\000\040\000I\000n\000d\000e\000x}{}% 1
\BOOKMARK [1][-]{section.1.1}{\376\377\0001\000.\0001\000\040\000N\000a\000m\000e\000s\000p\000a\000c\000e\000\040\000L\000i\000s\000t}{chapter.1}% 2
\BOOKMARK [0][-]{chapter.2}{\376\377\0002\000\040\000H\000i\000e\000r\000a\000r\000c\000h\000i\000c\000a\000l\000\040\000I\000n\000d\000e\000x}{}% 3
\BOOKMARK [1][-]{section.2.1}{\376\377\0002\000.\0001\000\040\000C\000l\000a\000s\000s\000\040\000H\000i\000e\000r\000a\000r\000c\000h\000y}{chapter.2}% 4
\BOOKMARK [0][-]{chapter.3}{\376\377\0003\000\040\000C\000l\000a\000s\000s\000\040\000I\000n\000d\000e\000x}{}% 5
\BOOKMARK [1][-]{section.3.1}{\376\377\0003\000.\0001\000\040\000C\000l\000a\000s\000s\000\040\000L\000i\000s\000t}{chapter.3}% 6
\BOOKMARK [0][-]{chapter.4}{\376\377\0004\000\040\000F\000i\000l\000e\000\040\000I\000n\000d\000e\000x}{}% 7
\BOOKMARK [1][-]{section.4.1}{\376\377\0004\000.\0001\000\040\000F\000i\000l\000e\000\040\000L\000i\000s\000t}{chapter.4}% 8
\BOOKMARK [0][-]{chapter.5}{\376\377\0005\000\040\000N\000a\000m\000e\000s\000p\000a\000c\000e\000\040\000D\000o\000c\000u\000m\000e\000n\000t\000a\000t\000i\000o\000n}{}% 9
\BOOKMARK [1][-]{section.5.1}{\376\377\0005\000.\0001\000\040\000U\000i\000\040\000N\000a\000m\000e\000s\000p\000a\000c\000e\000\040\000R\000e\000f\000e\000r\000e\000n\000c\000e}{chapter.5}% 10
\BOOKMARK [0][-]{chapter.6}{\376\377\0006\000\040\000C\000l\000a\000s\000s\000\040\000D\000o\000c\000u\000m\000e\000n\000t\000a\000t\000i\000o\000n}{}% 11
\BOOKMARK [1][-]{section.6.1}{\376\377\0006\000.\0001\000\040\000B\000u\000t\000t\000o\000n\000\040\000C\000l\000a\000s\000s\000\040\000R\000e\000f\000e\000r\000e\000n\000c\000e}{chapter.6}% 12
\BOOKMARK [2][-]{subsection.6.1.1}{\376\377\0006\000.\0001\000.\0001\000\040\000D\000e\000t\000a\000i\000l\000e\000d\000\040\000D\000e\000s\000c\000r\000i\000p\000t\000i\000o\000n}{section.6.1}% 13
\BOOKMARK [2][-]{subsection.6.1.2}{\376\377\0006\000.\0001\000.\0002\000\040\000C\000o\000n\000s\000t\000r\000u\000c\000t\000o\000r\000\040\000\046\000\040\000D\000e\000s\000t\000r\000u\000c\000t\000o\000r\000\040\000D\000o\000c\000u\000m\000e\000n\000t\000a\000t\000i\000o\000n}{section.6.1}% 14
\BOOKMARK [3][-]{subsubsection.6.1.2.1}{\376\377\0006\000.\0001\000.\0002\000.\0001\000\040\000B\000u\000t\000t\000o\000n\000\050\000\051}{subsection.6.1.2}% 15
\BOOKMARK [3][-]{subsubsection.6.1.2.2}{\376\377\0006\000.\0001\000.\0002\000.\0002\000\040\000\040\000B\000u\000t\000t\000o\000n\000\050\000\051}{subsection.6.1.2}% 16
\BOOKMARK [2][-]{subsection.6.1.3}{\376\377\0006\000.\0001\000.\0003\000\040\000M\000e\000m\000b\000e\000r\000\040\000F\000u\000n\000c\000t\000i\000o\000n\000\040\000D\000o\000c\000u\000m\000e\000n\000t\000a\000t\000i\000o\000n}{section.6.1}% 17
\BOOKMARK [3][-]{subsubsection.6.1.3.1}{\376\377\0006\000.\0001\000.\0003\000.\0001\000\040\000a\000u\000t\000o\000P\000i\000l\000o\000t}{subsection.6.1.3}% 18
\BOOKMARK [3][-]{subsubsection.6.1.3.2}{\376\377\0006\000.\0001\000.\0003\000.\0002\000\040\000m\000o\000u\000s\000e\000P\000r\000e\000s\000s\000E\000v\000e\000n\000t\000\050\000\051}{subsection.6.1.3}% 19
\BOOKMARK [3][-]{subsubsection.6.1.3.3}{\376\377\0006\000.\0001\000.\0003\000.\0003\000\040\000m\000o\000u\000s\000e\000R\000e\000l\000e\000a\000s\000e\000E\000v\000e\000n\000t\000\050\000\051}{subsection.6.1.3}% 20
\BOOKMARK [3][-]{subsubsection.6.1.3.4}{\376\377\0006\000.\0001\000.\0003\000.\0004\000\040\000p\000r\000e\000s\000s\000e\000d}{subsection.6.1.3}% 21
\BOOKMARK [3][-]{subsubsection.6.1.3.5}{\376\377\0006\000.\0001\000.\0003\000.\0005\000\040\000r\000e\000l\000e\000a\000s\000e\000d}{subsection.6.1.3}% 22
\BOOKMARK [3][-]{subsubsection.6.1.3.6}{\376\377\0006\000.\0001\000.\0003\000.\0006\000\040\000s\000e\000t\000B\000o\000r\000d\000e\000r\000W\000i\000d\000t\000h}{subsection.6.1.3}% 23
\BOOKMARK [1][-]{section.6.2}{\376\377\0006\000.\0002\000\040\000E\000n\000e\000m\000y\000\040\000C\000l\000a\000s\000s\000\040\000R\000e\000f\000e\000r\000e\000n\000c\000e}{chapter.6}% 24
\BOOKMARK [2][-]{subsection.6.2.1}{\376\377\0006\000.\0002\000.\0001\000\040\000D\000e\000t\000a\000i\000l\000e\000d\000\040\000D\000e\000s\000c\000r\000i\000p\000t\000i\000o\000n}{section.6.2}% 25
\BOOKMARK [2][-]{subsection.6.2.2}{\376\377\0006\000.\0002\000.\0002\000\040\000C\000o\000n\000s\000t\000r\000u\000c\000t\000o\000r\000\040\000\046\000\040\000D\000e\000s\000t\000r\000u\000c\000t\000o\000r\000\040\000D\000o\000c\000u\000m\000e\000n\000t\000a\000t\000i\000o\000n}{section.6.2}% 26
\BOOKMARK [3][-]{subsubsection.6.2.2.1}{\376\377\0006\000.\0002\000.\0002\000.\0001\000\040\000E\000n\000e\000m\000y\000\050\000\051}{subsection.6.2.2}% 27
\BOOKMARK [3][-]{subsubsection.6.2.2.2}{\376\377\0006\000.\0002\000.\0002\000.\0002\000\040\000\040\000E\000n\000e\000m\000y\000\050\000\051}{subsection.6.2.2}% 28
\BOOKMARK [2][-]{subsection.6.2.3}{\376\377\0006\000.\0002\000.\0003\000\040\000M\000e\000m\000b\000e\000r\000\040\000F\000u\000n\000c\000t\000i\000o\000n\000\040\000D\000o\000c\000u\000m\000e\000n\000t\000a\000t\000i\000o\000n}{section.6.2}% 29
\BOOKMARK [3][-]{subsubsection.6.2.3.1}{\376\377\0006\000.\0002\000.\0003\000.\0001\000\040\000c\000h\000e\000c\000k\000S\000t\000u\000c\000k}{subsection.6.2.3}% 30
\BOOKMARK [3][-]{subsubsection.6.2.3.2}{\376\377\0006\000.\0002\000.\0003\000.\0002\000\040\000g\000e\000t\000U\000n\000s\000t\000u\000c\000k}{subsection.6.2.3}% 31
\BOOKMARK [3][-]{subsubsection.6.2.3.3}{\376\377\0006\000.\0002\000.\0003\000.\0003\000\040\000h\000i\000t}{subsection.6.2.3}% 32
\BOOKMARK [3][-]{subsubsection.6.2.3.4}{\376\377\0006\000.\0002\000.\0003\000.\0004\000\040\000r\000e\000s\000u\000m\000e\000A\000l\000l\000T\000i\000m\000e\000r\000s}{subsection.6.2.3}% 33
\BOOKMARK [3][-]{subsubsection.6.2.3.5}{\376\377\0006\000.\0002\000.\0003\000.\0005\000\040\000s\000t\000a\000r\000t\000A\000u\000t\000o\000n\000o\000m\000o\000u\000s\000M\000o\000v\000e\000m\000e\000n\000t}{subsection.6.2.3}% 34
\BOOKMARK [3][-]{subsubsection.6.2.3.6}{\376\377\0006\000.\0002\000.\0003\000.\0006\000\040\000s\000t\000o\000p\000A\000l\000l\000T\000i\000m\000e\000r\000s}{subsection.6.2.3}% 35
\BOOKMARK [3][-]{subsubsection.6.2.3.7}{\376\377\0006\000.\0002\000.\0003\000.\0007\000\040\000s\000t\000o\000p\000C\000h\000a\000s\000i\000n\000g}{subsection.6.2.3}% 36
\BOOKMARK [1][-]{section.6.3}{\376\377\0006\000.\0003\000\040\000E\000n\000e\000m\000y\000I\000t\000e\000m\000\040\000C\000l\000a\000s\000s\000\040\000R\000e\000f\000e\000r\000e\000n\000c\000e}{chapter.6}% 37
\BOOKMARK [2][-]{subsection.6.3.1}{\376\377\0006\000.\0003\000.\0001\000\040\000D\000e\000t\000a\000i\000l\000e\000d\000\040\000D\000e\000s\000c\000r\000i\000p\000t\000i\000o\000n}{section.6.3}% 38
\BOOKMARK [2][-]{subsection.6.3.2}{\376\377\0006\000.\0003\000.\0002\000\040\000C\000o\000n\000s\000t\000r\000u\000c\000t\000o\000r\000\040\000\046\000\040\000D\000e\000s\000t\000r\000u\000c\000t\000o\000r\000\040\000D\000o\000c\000u\000m\000e\000n\000t\000a\000t\000i\000o\000n}{section.6.3}% 39
\BOOKMARK [3][-]{subsubsection.6.3.2.1}{\376\377\0006\000.\0003\000.\0002\000.\0001\000\040\000E\000n\000e\000m\000y\000I\000t\000e\000m\000\050\000\051}{subsection.6.3.2}% 40
\BOOKMARK [3][-]{subsubsection.6.3.2.2}{\376\377\0006\000.\0003\000.\0002\000.\0002\000\040\000\040\000E\000n\000e\000m\000y\000I\000t\000e\000m\000\050\000\051}{subsection.6.3.2}% 41
\BOOKMARK [2][-]{subsection.6.3.3}{\376\377\0006\000.\0003\000.\0003\000\040\000M\000e\000m\000b\000e\000r\000\040\000F\000u\000n\000c\000t\000i\000o\000n\000\040\000D\000o\000c\000u\000m\000e\000n\000t\000a\000t\000i\000o\000n}{section.6.3}% 42
\BOOKMARK [3][-]{subsubsection.6.3.3.1}{\376\377\0006\000.\0003\000.\0003\000.\0001\000\040\000g\000e\000t\000D\000i\000s\000t\000a\000n\000c\000e\000\050\000\051}{subsection.6.3.3}% 43
\BOOKMARK [3][-]{subsubsection.6.3.3.2}{\376\377\0006\000.\0003\000.\0003\000.\0002\000\040\000g\000e\000t\000O\000r\000i\000e\000n\000t\000a\000t\000i\000o\000n\000\050\000\051}{subsection.6.3.3}% 44
\BOOKMARK [3][-]{subsubsection.6.3.3.3}{\376\377\0006\000.\0003\000.\0003\000.\0003\000\040\000g\000e\000t\000R\000o\000t\000a\000t\000i\000o\000n\000A\000n\000g\000l\000e\000\050\000\051}{subsection.6.3.3}% 45
\BOOKMARK [3][-]{subsubsection.6.3.3.4}{\376\377\0006\000.\0003\000.\0003\000.\0004\000\040\000g\000e\000t\000V\000e\000l\000o\000c\000i\000t\000y\000\050\000\051}{subsection.6.3.3}% 46
\BOOKMARK [3][-]{subsubsection.6.3.3.5}{\376\377\0006\000.\0003\000.\0003\000.\0005\000\040\000s\000e\000t\000D\000i\000s\000t\000a\000n\000c\000e\000\050\000\051}{subsection.6.3.3}% 47
\BOOKMARK [3][-]{subsubsection.6.3.3.6}{\376\377\0006\000.\0003\000.\0003\000.\0006\000\040\000s\000e\000t\000O\000r\000i\000e\000n\000t\000a\000t\000i\000o\000n\000\050\000\051}{subsection.6.3.3}% 48
\BOOKMARK [3][-]{subsubsection.6.3.3.7}{\376\377\0006\000.\0003\000.\0003\000.\0007\000\040\000s\000e\000t\000R\000o\000t\000a\000t\000i\000o\000n\000A\000n\000g\000l\000e\000\050\000\051}{subsection.6.3.3}% 49
\BOOKMARK [3][-]{subsubsection.6.3.3.8}{\376\377\0006\000.\0003\000.\0003\000.\0008\000\040\000s\000e\000t\000V\000e\000l\000o\000c\000i\000t\000y\000\050\000\051}{subsection.6.3.3}% 50
\BOOKMARK [1][-]{section.6.4}{\376\377\0006\000.\0004\000\040\000G\000a\000m\000e\000I\000n\000f\000o\000\040\000C\000l\000a\000s\000s\000\040\000R\000e\000f\000e\000r\000e\000n\000c\000e}{chapter.6}% 51
\BOOKMARK [2][-]{subsection.6.4.1}{\376\377\0006\000.\0004\000.\0001\000\040\000D\000e\000t\000a\000i\000l\000e\000d\000\040\000D\000e\000s\000c\000r\000i\000p\000t\000i\000o\000n}{section.6.4}% 52
\BOOKMARK [2][-]{subsection.6.4.2}{\376\377\0006\000.\0004\000.\0002\000\040\000C\000o\000n\000s\000t\000r\000u\000c\000t\000o\000r\000\040\000\046\000\040\000D\000e\000s\000t\000r\000u\000c\000t\000o\000r\000\040\000D\000o\000c\000u\000m\000e\000n\000t\000a\000t\000i\000o\000n}{section.6.4}% 53
\BOOKMARK [3][-]{subsubsection.6.4.2.1}{\376\377\0006\000.\0004\000.\0002\000.\0001\000\040\000G\000a\000m\000e\000I\000n\000f\000o\000\050\000\051}{subsection.6.4.2}% 54
\BOOKMARK [3][-]{subsubsection.6.4.2.2}{\376\377\0006\000.\0004\000.\0002\000.\0002\000\040\000\040\000G\000a\000m\000e\000I\000n\000f\000o\000\050\000\051}{subsection.6.4.2}% 55
\BOOKMARK [2][-]{subsection.6.4.3}{\376\377\0006\000.\0004\000.\0003\000\040\000M\000e\000m\000b\000e\000r\000\040\000F\000u\000n\000c\000t\000i\000o\000n\000\040\000D\000o\000c\000u\000m\000e\000n\000t\000a\000t\000i\000o\000n}{section.6.4}% 56
\BOOKMARK [3][-]{subsubsection.6.4.3.1}{\376\377\0006\000.\0004\000.\0003\000.\0001\000\040\000d\000a\000m\000a\000g\000e}{subsection.6.4.3}% 57
\BOOKMARK [3][-]{subsubsection.6.4.3.2}{\376\377\0006\000.\0004\000.\0003\000.\0002\000\040\000o\000u\000c\000h}{subsection.6.4.3}% 58
\BOOKMARK [3][-]{subsubsection.6.4.3.3}{\376\377\0006\000.\0004\000.\0003\000.\0003\000\040\000r\000e\000s\000e\000t\000M\000e\000s\000s\000a\000g\000e}{subsection.6.4.3}% 59
\BOOKMARK [3][-]{subsubsection.6.4.3.4}{\376\377\0006\000.\0004\000.\0003\000.\0004\000\040\000u\000p\000d\000a\000t\000e\000M\000e\000s\000s\000a\000g\000e\000\050\000\051}{subsection.6.4.3}% 60
\BOOKMARK [1][-]{section.6.5}{\376\377\0006\000.\0005\000\040\000G\000a\000m\000e\000M\000a\000s\000t\000e\000r\000\040\000C\000l\000a\000s\000s\000\040\000R\000e\000f\000e\000r\000e\000n\000c\000e}{chapter.6}% 61
\BOOKMARK [2][-]{subsection.6.5.1}{\376\377\0006\000.\0005\000.\0001\000\040\000D\000e\000t\000a\000i\000l\000e\000d\000\040\000D\000e\000s\000c\000r\000i\000p\000t\000i\000o\000n}{section.6.5}% 62
\BOOKMARK [2][-]{subsection.6.5.2}{\376\377\0006\000.\0005\000.\0002\000\040\000M\000e\000m\000b\000e\000r\000\040\000F\000u\000n\000c\000t\000i\000o\000n\000\040\000D\000o\000c\000u\000m\000e\000n\000t\000a\000t\000i\000o\000n}{section.6.5}% 63
\BOOKMARK [3][-]{subsubsection.6.5.2.1}{\376\377\0006\000.\0005\000.\0002\000.\0001\000\040\000r\000u\000n\000\050\000\051}{subsection.6.5.2}% 64
\BOOKMARK [1][-]{section.6.6}{\376\377\0006\000.\0006\000\040\000H\000e\000a\000r\000t\000\040\000C\000l\000a\000s\000s\000\040\000R\000e\000f\000e\000r\000e\000n\000c\000e}{chapter.6}% 65
\BOOKMARK [2][-]{subsection.6.6.1}{\376\377\0006\000.\0006\000.\0001\000\040\000D\000e\000t\000a\000i\000l\000e\000d\000\040\000D\000e\000s\000c\000r\000i\000p\000t\000i\000o\000n}{section.6.6}% 66
\BOOKMARK [2][-]{subsection.6.6.2}{\376\377\0006\000.\0006\000.\0002\000\040\000C\000o\000n\000s\000t\000r\000u\000c\000t\000o\000r\000\040\000\046\000\040\000D\000e\000s\000t\000r\000u\000c\000t\000o\000r\000\040\000D\000o\000c\000u\000m\000e\000n\000t\000a\000t\000i\000o\000n}{section.6.6}% 67
\BOOKMARK [3][-]{subsubsection.6.6.2.1}{\376\377\0006\000.\0006\000.\0002\000.\0001\000\040\000H\000e\000a\000r\000t\000\050\000\051}{subsection.6.6.2}% 68
\BOOKMARK [3][-]{subsubsection.6.6.2.2}{\376\377\0006\000.\0006\000.\0002\000.\0002\000\040\000\040\000H\000e\000a\000r\000t\000\050\000\051}{subsection.6.6.2}% 69
\BOOKMARK [2][-]{subsection.6.6.3}{\376\377\0006\000.\0006\000.\0003\000\040\000M\000e\000m\000b\000e\000r\000\040\000F\000u\000n\000c\000t\000i\000o\000n\000\040\000D\000o\000c\000u\000m\000e\000n\000t\000a\000t\000i\000o\000n}{section.6.6}% 70
\BOOKMARK [3][-]{subsubsection.6.6.3.1}{\376\377\0006\000.\0006\000.\0003\000.\0001\000\040\000s\000e\000t\000D\000e\000a\000d}{subsection.6.6.3}% 71
\BOOKMARK [1][-]{section.6.7}{\376\377\0006\000.\0007\000\040\000H\000o\000r\000i\000z\000o\000n\000t\000a\000l\000L\000o\000w\000e\000r\000B\000a\000r\000\040\000C\000l\000a\000s\000s\000\040\000R\000e\000f\000e\000r\000e\000n\000c\000e}{chapter.6}% 72
\BOOKMARK [2][-]{subsection.6.7.1}{\376\377\0006\000.\0007\000.\0001\000\040\000D\000e\000t\000a\000i\000l\000e\000d\000\040\000D\000e\000s\000c\000r\000i\000p\000t\000i\000o\000n}{section.6.7}% 73
\BOOKMARK [2][-]{subsection.6.7.2}{\376\377\0006\000.\0007\000.\0002\000\040\000C\000o\000n\000s\000t\000r\000u\000c\000t\000o\000r\000\040\000\046\000\040\000D\000e\000s\000t\000r\000u\000c\000t\000o\000r\000\040\000D\000o\000c\000u\000m\000e\000n\000t\000a\000t\000i\000o\000n}{section.6.7}% 74
\BOOKMARK [3][-]{subsubsection.6.7.2.1}{\376\377\0006\000.\0007\000.\0002\000.\0001\000\040\000H\000o\000r\000i\000z\000o\000n\000t\000a\000l\000L\000o\000w\000e\000r\000B\000a\000r\000\050\000\051}{subsection.6.7.2}% 75
\BOOKMARK [3][-]{subsubsection.6.7.2.2}{\376\377\0006\000.\0007\000.\0002\000.\0002\000\040\000\040\000H\000o\000r\000i\000z\000o\000n\000t\000a\000l\000L\000o\000w\000e\000r\000B\000a\000r\000\050\000\051}{subsection.6.7.2}% 76
\BOOKMARK [2][-]{subsection.6.7.3}{\376\377\0006\000.\0007\000.\0003\000\040\000M\000e\000m\000b\000e\000r\000\040\000F\000u\000n\000c\000t\000i\000o\000n\000\040\000D\000o\000c\000u\000m\000e\000n\000t\000a\000t\000i\000o\000n}{section.6.7}% 77
\BOOKMARK [3][-]{subsubsection.6.7.3.1}{\376\377\0006\000.\0007\000.\0003\000.\0001\000\040\000m\000o\000u\000s\000e\000R\000e\000l\000e\000a\000s\000e\000E\000v\000e\000n\000t\000\050\000\051}{subsection.6.7.3}% 78
\BOOKMARK [2][-]{subsection.6.7.4}{\376\377\0006\000.\0007\000.\0004\000\040\000M\000e\000m\000b\000e\000r\000\040\000D\000a\000t\000a\000\040\000D\000o\000c\000u\000m\000e\000n\000t\000a\000t\000i\000o\000n}{section.6.7}% 79
\BOOKMARK [3][-]{subsubsection.6.7.4.1}{\376\377\0006\000.\0007\000.\0004\000.\0001\000\040\000A\000u\000t\000o\000p\000i\000l\000o\000t}{subsection.6.7.4}% 80
\BOOKMARK [1][-]{section.6.8}{\376\377\0006\000.\0008\000\040\000H\000o\000r\000i\000z\000o\000n\000t\000a\000l\000U\000p\000p\000e\000r\000B\000a\000r\000\040\000C\000l\000a\000s\000s\000\040\000R\000e\000f\000e\000r\000e\000n\000c\000e}{chapter.6}% 81
\BOOKMARK [2][-]{subsection.6.8.1}{\376\377\0006\000.\0008\000.\0001\000\040\000D\000e\000t\000a\000i\000l\000e\000d\000\040\000D\000e\000s\000c\000r\000i\000p\000t\000i\000o\000n}{section.6.8}% 82
\BOOKMARK [2][-]{subsection.6.8.2}{\376\377\0006\000.\0008\000.\0002\000\040\000C\000o\000n\000s\000t\000r\000u\000c\000t\000o\000r\000\040\000\046\000\040\000D\000e\000s\000t\000r\000u\000c\000t\000o\000r\000\040\000D\000o\000c\000u\000m\000e\000n\000t\000a\000t\000i\000o\000n}{section.6.8}% 83
\BOOKMARK [3][-]{subsubsection.6.8.2.1}{\376\377\0006\000.\0008\000.\0002\000.\0001\000\040\000H\000o\000r\000i\000z\000o\000n\000t\000a\000l\000U\000p\000p\000e\000r\000B\000a\000r\000\050\000\051}{subsection.6.8.2}% 84
\BOOKMARK [3][-]{subsubsection.6.8.2.2}{\376\377\0006\000.\0008\000.\0002\000.\0002\000\040\000\040\000H\000o\000r\000i\000z\000o\000n\000t\000a\000l\000U\000p\000p\000e\000r\000B\000a\000r\000\050\000\051}{subsection.6.8.2}% 85
\BOOKMARK [2][-]{subsection.6.8.3}{\376\377\0006\000.\0008\000.\0003\000\040\000M\000e\000m\000b\000e\000r\000\040\000D\000a\000t\000a\000\040\000D\000o\000c\000u\000m\000e\000n\000t\000a\000t\000i\000o\000n}{section.6.8}% 86
\BOOKMARK [3][-]{subsubsection.6.8.3.1}{\376\377\0006\000.\0008\000.\0003\000.\0001\000\040\000p\000a\000u\000s\000e\000B\000u\000t\000t\000o\000n}{subsection.6.8.3}% 87
\BOOKMARK [3][-]{subsubsection.6.8.3.2}{\376\377\0006\000.\0008\000.\0003\000.\0002\000\040\000t\000i\000m\000e\000r}{subsection.6.8.3}% 88
\BOOKMARK [1][-]{section.6.9}{\376\377\0006\000.\0009\000\040\000M\000a\000i\000n\000W\000i\000n\000d\000o\000w\000\040\000C\000l\000a\000s\000s\000\040\000R\000e\000f\000e\000r\000e\000n\000c\000e}{chapter.6}% 89
\BOOKMARK [2][-]{subsection.6.9.1}{\376\377\0006\000.\0009\000.\0001\000\040\000D\000e\000t\000a\000i\000l\000e\000d\000\040\000D\000e\000s\000c\000r\000i\000p\000t\000i\000o\000n}{section.6.9}% 90
\BOOKMARK [2][-]{subsection.6.9.2}{\376\377\0006\000.\0009\000.\0002\000\040\000C\000o\000n\000s\000t\000r\000u\000c\000t\000o\000r\000\040\000\046\000\040\000D\000e\000s\000t\000r\000u\000c\000t\000o\000r\000\040\000D\000o\000c\000u\000m\000e\000n\000t\000a\000t\000i\000o\000n}{section.6.9}% 91
\BOOKMARK [3][-]{subsubsection.6.9.2.1}{\376\377\0006\000.\0009\000.\0002\000.\0001\000\040\000M\000a\000i\000n\000W\000i\000n\000d\000o\000w\000\050\000\051}{subsection.6.9.2}% 92
\BOOKMARK [3][-]{subsubsection.6.9.2.2}{\376\377\0006\000.\0009\000.\0002\000.\0002\000\040\000\040\000M\000a\000i\000n\000W\000i\000n\000d\000o\000w\000\050\000\051}{subsection.6.9.2}% 93
\BOOKMARK [2][-]{subsection.6.9.3}{\376\377\0006\000.\0009\000.\0003\000\040\000M\000e\000m\000b\000e\000r\000\040\000F\000u\000n\000c\000t\000i\000o\000n\000\040\000D\000o\000c\000u\000m\000e\000n\000t\000a\000t\000i\000o\000n}{section.6.9}% 94
\BOOKMARK [3][-]{subsubsection.6.9.3.1}{\376\377\0006\000.\0009\000.\0003\000.\0001\000\040\000a\000p\000p\000l\000y\000G\000r\000a\000p\000h\000i\000c\000s\000\050\000\051}{subsection.6.9.3}% 95
\BOOKMARK [3][-]{subsubsection.6.9.3.2}{\376\377\0006\000.\0009\000.\0003\000.\0002\000\040\000c\000r\000e\000a\000t\000e\000N\000e\000w\000M\000a\000p\000W\000i\000n\000d\000o\000w}{subsection.6.9.3}% 96
\BOOKMARK [3][-]{subsubsection.6.9.3.3}{\376\377\0006\000.\0009\000.\0003\000.\0003\000\040\000l\000o\000a\000d\000F\000i\000l\000e}{subsection.6.9.3}% 97
\BOOKMARK [3][-]{subsubsection.6.9.3.4}{\376\377\0006\000.\0009\000.\0003\000.\0004\000\040\000l\000o\000a\000d\000G\000a\000m\000e\000\050\000\051}{subsection.6.9.3}% 98
\BOOKMARK [3][-]{subsubsection.6.9.3.5}{\376\377\0006\000.\0009\000.\0003\000.\0005\000\040\000q\000u\000i\000t\000A\000p\000p\000\050\000\051}{subsection.6.9.3}% 99
\BOOKMARK [1][-]{section.6.10}{\376\377\0006\000.\0001\0000\000\040\000M\000a\000p\000W\000i\000n\000d\000o\000w\000\040\000C\000l\000a\000s\000s\000\040\000R\000e\000f\000e\000r\000e\000n\000c\000e}{chapter.6}% 100
\BOOKMARK [2][-]{subsection.6.10.1}{\376\377\0006\000.\0001\0000\000.\0001\000\040\000D\000e\000t\000a\000i\000l\000e\000d\000\040\000D\000e\000s\000c\000r\000i\000p\000t\000i\000o\000n}{section.6.10}% 101
\BOOKMARK [2][-]{subsection.6.10.2}{\376\377\0006\000.\0001\0000\000.\0002\000\040\000C\000o\000n\000s\000t\000r\000u\000c\000t\000o\000r\000\040\000\046\000\040\000D\000e\000s\000t\000r\000u\000c\000t\000o\000r\000\040\000D\000o\000c\000u\000m\000e\000n\000t\000a\000t\000i\000o\000n}{section.6.10}% 102
\BOOKMARK [3][-]{subsubsection.6.10.2.1}{\376\377\0006\000.\0001\0000\000.\0002\000.\0001\000\040\000M\000a\000p\000W\000i\000n\000d\000o\000w\000\050\000\051}{subsection.6.10.2}% 103
\BOOKMARK [3][-]{subsubsection.6.10.2.2}{\376\377\0006\000.\0001\0000\000.\0002\000.\0002\000\040\000\040\000M\000a\000p\000W\000i\000n\000d\000o\000w\000\050\000\051}{subsection.6.10.2}% 104
\BOOKMARK [2][-]{subsection.6.10.3}{\376\377\0006\000.\0001\0000\000.\0003\000\040\000M\000e\000m\000b\000e\000r\000\040\000F\000u\000n\000c\000t\000i\000o\000n\000\040\000D\000o\000c\000u\000m\000e\000n\000t\000a\000t\000i\000o\000n}{section.6.10}% 105
\BOOKMARK [3][-]{subsubsection.6.10.3.1}{\376\377\0006\000.\0001\0000\000.\0003\000.\0001\000\040\000c\000l\000e\000a\000r\000T\000a\000b\000l\000e\000C\000e\000l\000l\000\050\000\051}{subsection.6.10.3}% 106
\BOOKMARK [3][-]{subsubsection.6.10.3.2}{\376\377\0006\000.\0001\0000\000.\0003\000.\0002\000\040\000d\000i\000s\000a\000b\000l\000e\000E\000d\000i\000t\000i\000n\000g\000\050\000\051}{subsection.6.10.3}% 107
\BOOKMARK [3][-]{subsubsection.6.10.3.3}{\376\377\0006\000.\0001\0000\000.\0003\000.\0003\000\040\000f\000i\000l\000l\000F\000i\000l\000e\000\050\000\051}{subsection.6.10.3}% 108
\BOOKMARK [3][-]{subsubsection.6.10.3.4}{\376\377\0006\000.\0001\0000\000.\0003\000.\0004\000\040\000s\000e\000t\000B\000a\000r\000B\000o\000t\000t\000o\000m\000\050\000\051}{subsection.6.10.3}% 109
\BOOKMARK [3][-]{subsubsection.6.10.3.5}{\376\377\0006\000.\0001\0000\000.\0003\000.\0005\000\040\000s\000e\000t\000B\000a\000r\000T\000o\000p\000\050\000\051}{subsection.6.10.3}% 110
\BOOKMARK [3][-]{subsubsection.6.10.3.6}{\376\377\0006\000.\0001\0000\000.\0003\000.\0006\000\040\000s\000e\000t\000T\000a\000b\000l\000e\000C\000e\000l\000l\000\050\000\051}{subsection.6.10.3}% 111
\BOOKMARK [3][-]{subsubsection.6.10.3.7}{\376\377\0006\000.\0001\0000\000.\0003\000.\0007\000\040\000s\000t\000a\000r\000t\000S\000e\000s\000s\000i\000o\000n}{subsection.6.10.3}% 112
\BOOKMARK [3][-]{subsubsection.6.10.3.8}{\376\377\0006\000.\0001\0000\000.\0003\000.\0008\000\040\000u\000p\000d\000a\000t\000e\000E\000n\000e\000m\000y\000C\000o\000u\000n\000t\000e\000r\000\050\000\051}{subsection.6.10.3}% 113
\BOOKMARK [3][-]{subsubsection.6.10.3.9}{\376\377\0006\000.\0001\0000\000.\0003\000.\0009\000\040\000u\000p\000d\000a\000t\000e\000O\000b\000s\000t\000a\000c\000l\000e\000C\000o\000u\000n\000t\000e\000r\000\050\000\051}{subsection.6.10.3}% 114
\BOOKMARK [3][-]{subsubsection.6.10.3.10}{\376\377\0006\000.\0001\0000\000.\0003\000.\0001\0000\000\040\000u\000p\000d\000a\000t\000e\000R\000o\000b\000o\000t\000C\000o\000u\000n\000t\000e\000r\000\050\000\051}{subsection.6.10.3}% 115
\BOOKMARK [3][-]{subsubsection.6.10.3.11}{\376\377\0006\000.\0001\0000\000.\0003\000.\0001\0001\000\040\000u\000p\000d\000a\000t\000e\000T\000i\000m\000e\000r\000\050\000\051}{subsection.6.10.3}% 116
\BOOKMARK [2][-]{subsection.6.10.4}{\376\377\0006\000.\0001\0000\000.\0004\000\040\000M\000e\000m\000b\000e\000r\000\040\000D\000a\000t\000a\000\040\000D\000o\000c\000u\000m\000e\000n\000t\000a\000t\000i\000o\000n}{section.6.10}% 117
\BOOKMARK [3][-]{subsubsection.6.10.4.1}{\376\377\0006\000.\0001\0000\000.\0004\000.\0001\000\040\000m\000a\000p\000D\000a\000t\000a}{subsection.6.10.4}% 118
\BOOKMARK [1][-]{section.6.11}{\376\377\0006\000.\0001\0001\000\040\000O\000b\000s\000t\000a\000c\000l\000e\000\040\000C\000l\000a\000s\000s\000\040\000R\000e\000f\000e\000r\000e\000n\000c\000e}{chapter.6}% 119
\BOOKMARK [2][-]{subsection.6.11.1}{\376\377\0006\000.\0001\0001\000.\0001\000\040\000D\000e\000t\000a\000i\000l\000e\000d\000\040\000D\000e\000s\000c\000r\000i\000p\000t\000i\000o\000n}{section.6.11}% 120
\BOOKMARK [2][-]{subsection.6.11.2}{\376\377\0006\000.\0001\0001\000.\0002\000\040\000C\000o\000n\000s\000t\000r\000u\000c\000t\000o\000r\000\040\000\046\000\040\000D\000e\000s\000t\000r\000u\000c\000t\000o\000r\000\040\000D\000o\000c\000u\000m\000e\000n\000t\000a\000t\000i\000o\000n}{section.6.11}% 121
\BOOKMARK [3][-]{subsubsection.6.11.2.1}{\376\377\0006\000.\0001\0001\000.\0002\000.\0001\000\040\000O\000b\000s\000t\000a\000c\000l\000e\000\050\000\051}{subsection.6.11.2}% 122
\BOOKMARK [3][-]{subsubsection.6.11.2.2}{\376\377\0006\000.\0001\0001\000.\0002\000.\0002\000\040\000\040\000O\000b\000s\000t\000a\000c\000l\000e\000\050\000\051}{subsection.6.11.2}% 123
\BOOKMARK [1][-]{section.6.12}{\376\377\0006\000.\0001\0002\000\040\000O\000b\000s\000t\000a\000c\000l\000e\000I\000t\000e\000m\000\040\000C\000l\000a\000s\000s\000\040\000R\000e\000f\000e\000r\000e\000n\000c\000e}{chapter.6}% 124
\BOOKMARK [2][-]{subsection.6.12.1}{\376\377\0006\000.\0001\0002\000.\0001\000\040\000D\000e\000t\000a\000i\000l\000e\000d\000\040\000D\000e\000s\000c\000r\000i\000p\000t\000i\000o\000n}{section.6.12}% 125
\BOOKMARK [2][-]{subsection.6.12.2}{\376\377\0006\000.\0001\0002\000.\0002\000\040\000C\000o\000n\000s\000t\000r\000u\000c\000t\000o\000r\000\040\000\046\000\040\000D\000e\000s\000t\000r\000u\000c\000t\000o\000r\000\040\000D\000o\000c\000u\000m\000e\000n\000t\000a\000t\000i\000o\000n}{section.6.12}% 126
\BOOKMARK [3][-]{subsubsection.6.12.2.1}{\376\377\0006\000.\0001\0002\000.\0002\000.\0001\000\040\000O\000b\000s\000t\000a\000c\000l\000e\000I\000t\000e\000m\000\050\000\051}{subsection.6.12.2}% 127
\BOOKMARK [1][-]{section.6.13}{\376\377\0006\000.\0001\0003\000\040\000p\000i\000x\000m\000a\000p\000I\000c\000o\000n\000s\000\040\000S\000t\000r\000u\000c\000t\000\040\000R\000e\000f\000e\000r\000e\000n\000c\000e}{chapter.6}% 128
\BOOKMARK [2][-]{subsection.6.13.1}{\376\377\0006\000.\0001\0003\000.\0001\000\040\000D\000e\000t\000a\000i\000l\000e\000d\000\040\000D\000e\000s\000c\000r\000i\000p\000t\000i\000o\000n}{section.6.13}% 129
\BOOKMARK [2][-]{subsection.6.13.2}{\376\377\0006\000.\0001\0003\000.\0002\000\040\000M\000e\000m\000b\000e\000r\000\040\000D\000a\000t\000a\000\040\000D\000o\000c\000u\000m\000e\000n\000t\000a\000t\000i\000o\000n}{section.6.13}% 130
\BOOKMARK [3][-]{subsubsection.6.13.2.1}{\376\377\0006\000.\0001\0003\000.\0002\000.\0001\000\040\000e\000n\000e\000m\000y}{subsection.6.13.2}% 131
\BOOKMARK [3][-]{subsubsection.6.13.2.2}{\376\377\0006\000.\0001\0003\000.\0002\000.\0002\000\040\000o\000b\000s\000t\000a\000c\000l\000e}{subsection.6.13.2}% 132
\BOOKMARK [3][-]{subsubsection.6.13.2.3}{\376\377\0006\000.\0001\0003\000.\0002\000.\0003\000\040\000r\000o\000b\000o\000t}{subsection.6.13.2}% 133
\BOOKMARK [1][-]{section.6.14}{\376\377\0006\000.\0001\0004\000\040\000P\000o\000p\000U\000p\000\040\000C\000l\000a\000s\000s\000\040\000R\000e\000f\000e\000r\000e\000n\000c\000e}{chapter.6}% 134
\BOOKMARK [2][-]{subsection.6.14.1}{\376\377\0006\000.\0001\0004\000.\0001\000\040\000D\000e\000t\000a\000i\000l\000e\000d\000\040\000D\000e\000s\000c\000r\000i\000p\000t\000i\000o\000n}{section.6.14}% 135
\BOOKMARK [2][-]{subsection.6.14.2}{\376\377\0006\000.\0001\0004\000.\0002\000\040\000C\000o\000n\000s\000t\000r\000u\000c\000t\000o\000r\000\040\000\046\000\040\000D\000e\000s\000t\000r\000u\000c\000t\000o\000r\000\040\000D\000o\000c\000u\000m\000e\000n\000t\000a\000t\000i\000o\000n}{section.6.14}% 136
\BOOKMARK [3][-]{subsubsection.6.14.2.1}{\376\377\0006\000.\0001\0004\000.\0002\000.\0001\000\040\000P\000o\000p\000U\000p\000\050\000\051}{subsection.6.14.2}% 137
\BOOKMARK [3][-]{subsubsection.6.14.2.2}{\376\377\0006\000.\0001\0004\000.\0002\000.\0002\000\040\000\040\000P\000o\000p\000U\000p\000\050\000\051}{subsection.6.14.2}% 138
\BOOKMARK [2][-]{subsection.6.14.3}{\376\377\0006\000.\0001\0004\000.\0003\000\040\000M\000e\000m\000b\000e\000r\000\040\000F\000u\000n\000c\000t\000i\000o\000n\000\040\000D\000o\000c\000u\000m\000e\000n\000t\000a\000t\000i\000o\000n}{section.6.14}% 139
\BOOKMARK [3][-]{subsubsection.6.14.3.1}{\376\377\0006\000.\0001\0004\000.\0003\000.\0001\000\040\000h\000i\000d\000e}{subsection.6.14.3}% 140
\BOOKMARK [3][-]{subsubsection.6.14.3.2}{\376\377\0006\000.\0001\0004\000.\0003\000.\0002\000\040\000p\000a\000u\000s\000e\000T\000i\000m\000e\000r\000s}{subsection.6.14.3}% 141
\BOOKMARK [3][-]{subsubsection.6.14.3.3}{\376\377\0006\000.\0001\0004\000.\0003\000.\0003\000\040\000s\000h\000o\000w}{subsection.6.14.3}% 142
\BOOKMARK [2][-]{subsection.6.14.4}{\376\377\0006\000.\0001\0004\000.\0004\000\040\000M\000e\000m\000b\000e\000r\000\040\000D\000a\000t\000a\000\040\000D\000o\000c\000u\000m\000e\000n\000t\000a\000t\000i\000o\000n}{section.6.14}% 143
\BOOKMARK [3][-]{subsubsection.6.14.4.1}{\376\377\0006\000.\0001\0004\000.\0004\000.\0001\000\040\000e\000x\000i\000t\000B\000u\000t\000t\000o\000n}{subsection.6.14.4}% 144
\BOOKMARK [3][-]{subsubsection.6.14.4.2}{\376\377\0006\000.\0001\0004\000.\0004\000.\0002\000\040\000m\000a\000i\000n\000M\000e\000n\000u\000B\000u\000t\000t\000o\000n}{subsection.6.14.4}% 145
\BOOKMARK [3][-]{subsubsection.6.14.4.3}{\376\377\0006\000.\0001\0004\000.\0004\000.\0003\000\040\000r\000e\000s\000t\000a\000r\000t\000B\000u\000t\000t\000o\000n}{subsection.6.14.4}% 146
\BOOKMARK [3][-]{subsubsection.6.14.4.4}{\376\377\0006\000.\0001\0004\000.\0004\000.\0004\000\040\000r\000e\000s\000u\000m\000e\000B\000u\000t\000t\000o\000n}{subsection.6.14.4}% 147
\BOOKMARK [1][-]{section.6.15}{\376\377\0006\000.\0001\0005\000\040\000Q\000D\000i\000a\000l\000o\000g\000\040\000C\000l\000a\000s\000s\000\040\000R\000e\000f\000e\000r\000e\000n\000c\000e}{chapter.6}% 148
\BOOKMARK [1][-]{section.6.16}{\376\377\0006\000.\0001\0006\000\040\000Q\000G\000r\000a\000p\000h\000i\000c\000s\000E\000l\000l\000i\000p\000s\000e\000I\000t\000e\000m\000\040\000C\000l\000a\000s\000s\000\040\000R\000e\000f\000e\000r\000e\000n\000c\000e}{chapter.6}% 149
\BOOKMARK [1][-]{section.6.17}{\376\377\0006\000.\0001\0007\000\040\000Q\000G\000r\000a\000p\000h\000i\000c\000s\000R\000e\000c\000t\000I\000t\000e\000m\000\040\000C\000l\000a\000s\000s\000\040\000R\000e\000f\000e\000r\000e\000n\000c\000e}{chapter.6}% 150
\BOOKMARK [1][-]{section.6.18}{\376\377\0006\000.\0001\0008\000\040\000Q\000G\000r\000a\000p\000h\000i\000c\000s\000T\000e\000x\000t\000I\000t\000e\000m\000\040\000C\000l\000a\000s\000s\000\040\000R\000e\000f\000e\000r\000e\000n\000c\000e}{chapter.6}% 151
\BOOKMARK [1][-]{section.6.19}{\376\377\0006\000.\0001\0009\000\040\000Q\000M\000a\000i\000n\000W\000i\000n\000d\000o\000w\000\040\000C\000l\000a\000s\000s\000\040\000R\000e\000f\000e\000r\000e\000n\000c\000e}{chapter.6}% 152
\BOOKMARK [1][-]{section.6.20}{\376\377\0006\000.\0002\0000\000\040\000Q\000O\000b\000j\000e\000c\000t\000\040\000C\000l\000a\000s\000s\000\040\000R\000e\000f\000e\000r\000e\000n\000c\000e}{chapter.6}% 153
\BOOKMARK [1][-]{section.6.21}{\376\377\0006\000.\0002\0001\000\040\000Q\000T\000a\000b\000l\000e\000W\000i\000d\000g\000e\000t\000I\000t\000e\000m\000\040\000C\000l\000a\000s\000s\000\040\000R\000e\000f\000e\000r\000e\000n\000c\000e}{chapter.6}% 154
\BOOKMARK [1][-]{section.6.22}{\376\377\0006\000.\0002\0002\000\040\000Q\000W\000i\000d\000g\000e\000t\000\040\000C\000l\000a\000s\000s\000\040\000R\000e\000f\000e\000r\000e\000n\000c\000e}{chapter.6}% 155
\BOOKMARK [1][-]{section.6.23}{\376\377\0006\000.\0002\0003\000\040\000R\000o\000b\000o\000t\000I\000t\000e\000m\000\040\000C\000l\000a\000s\000s\000\040\000R\000e\000f\000e\000r\000e\000n\000c\000e}{chapter.6}% 156
\BOOKMARK [2][-]{subsection.6.23.1}{\376\377\0006\000.\0002\0003\000.\0001\000\040\000D\000e\000t\000a\000i\000l\000e\000d\000\040\000D\000e\000s\000c\000r\000i\000p\000t\000i\000o\000n}{section.6.23}% 157
\BOOKMARK [2][-]{subsection.6.23.2}{\376\377\0006\000.\0002\0003\000.\0002\000\040\000C\000o\000n\000s\000t\000r\000u\000c\000t\000o\000r\000\040\000\046\000\040\000D\000e\000s\000t\000r\000u\000c\000t\000o\000r\000\040\000D\000o\000c\000u\000m\000e\000n\000t\000a\000t\000i\000o\000n}{section.6.23}% 158
\BOOKMARK [3][-]{subsubsection.6.23.2.1}{\376\377\0006\000.\0002\0003\000.\0002\000.\0001\000\040\000R\000o\000b\000o\000t\000I\000t\000e\000m\000\050\000\051}{subsection.6.23.2}% 159
\BOOKMARK [3][-]{subsubsection.6.23.2.2}{\376\377\0006\000.\0002\0003\000.\0002\000.\0002\000\040\000\040\000R\000o\000b\000o\000t\000I\000t\000e\000m\000\050\000\051}{subsection.6.23.2}% 160
\BOOKMARK [2][-]{subsection.6.23.3}{\376\377\0006\000.\0002\0003\000.\0003\000\040\000M\000e\000m\000b\000e\000r\000\040\000F\000u\000n\000c\000t\000i\000o\000n\000\040\000D\000o\000c\000u\000m\000e\000n\000t\000a\000t\000i\000o\000n}{section.6.23}% 161
\BOOKMARK [3][-]{subsubsection.6.23.3.1}{\376\377\0006\000.\0002\0003\000.\0003\000.\0001\000\040\000g\000e\000t\000O\000r\000i\000e\000n\000t\000a\000t\000i\000o\000n\000\050\000\051}{subsection.6.23.3}% 162
\BOOKMARK [3][-]{subsubsection.6.23.3.2}{\376\377\0006\000.\0002\0003\000.\0003\000.\0002\000\040\000g\000e\000t\000V\000e\000l\000o\000c\000i\000t\000y\000\050\000\051}{subsection.6.23.3}% 163
\BOOKMARK [3][-]{subsubsection.6.23.3.3}{\376\377\0006\000.\0002\0003\000.\0003\000.\0003\000\040\000s\000e\000t\000O\000r\000i\000e\000n\000t\000a\000t\000i\000o\000n\000\050\000\051}{subsection.6.23.3}% 164
\BOOKMARK [3][-]{subsubsection.6.23.3.4}{\376\377\0006\000.\0002\0003\000.\0003\000.\0004\000\040\000s\000e\000t\000V\000e\000l\000o\000c\000i\000t\000y\000\050\000\051}{subsection.6.23.3}% 165
\BOOKMARK [1][-]{section.6.24}{\376\377\0006\000.\0002\0004\000\040\000R\000o\000b\000o\000t\000P\000a\000r\000a\000m\000D\000i\000a\000l\000o\000g\000\040\000C\000l\000a\000s\000s\000\040\000R\000e\000f\000e\000r\000e\000n\000c\000e}{chapter.6}% 166
\BOOKMARK [2][-]{subsection.6.24.1}{\376\377\0006\000.\0002\0004\000.\0001\000\040\000D\000e\000t\000a\000i\000l\000e\000d\000\040\000D\000e\000s\000c\000r\000i\000p\000t\000i\000o\000n}{section.6.24}% 167
\BOOKMARK [2][-]{subsection.6.24.2}{\376\377\0006\000.\0002\0004\000.\0002\000\040\000C\000o\000n\000s\000t\000r\000u\000c\000t\000o\000r\000\040\000\046\000\040\000D\000e\000s\000t\000r\000u\000c\000t\000o\000r\000\040\000D\000o\000c\000u\000m\000e\000n\000t\000a\000t\000i\000o\000n}{section.6.24}% 168
\BOOKMARK [3][-]{subsubsection.6.24.2.1}{\376\377\0006\000.\0002\0004\000.\0002\000.\0001\000\040\000R\000o\000b\000o\000t\000P\000a\000r\000a\000m\000D\000i\000a\000l\000o\000g\000\050\000\051}{subsection.6.24.2}% 169
\BOOKMARK [3][-]{subsubsection.6.24.2.2}{\376\377\0006\000.\0002\0004\000.\0002\000.\0002\000\040\000\040\000R\000o\000b\000o\000t\000P\000a\000r\000a\000m\000D\000i\000a\000l\000o\000g\000\050\000\051}{subsection.6.24.2}% 170
\BOOKMARK [2][-]{subsection.6.24.3}{\376\377\0006\000.\0002\0004\000.\0003\000\040\000M\000e\000m\000b\000e\000r\000\040\000F\000u\000n\000c\000t\000i\000o\000n\000\040\000D\000o\000c\000u\000m\000e\000n\000t\000a\000t\000i\000o\000n}{section.6.24}% 171
\BOOKMARK [3][-]{subsubsection.6.24.3.1}{\376\377\0006\000.\0002\0004\000.\0003\000.\0001\000\040\000c\000r\000e\000a\000t\000e\000L\000a\000y\000o\000u\000t\000\050\000\051}{subsection.6.24.3}% 172
\BOOKMARK [3][-]{subsubsection.6.24.3.2}{\376\377\0006\000.\0002\0004\000.\0003\000.\0002\000\040\000g\000e\000t\000D\000i\000s\000t\000a\000n\000c\000e\000\050\000\051}{subsection.6.24.3}% 173
\BOOKMARK [3][-]{subsubsection.6.24.3.3}{\376\377\0006\000.\0002\0004\000.\0003\000.\0003\000\040\000g\000e\000t\000O\000r\000i\000e\000n\000t\000a\000t\000i\000o\000n\000\050\000\051}{subsection.6.24.3}% 174
\BOOKMARK [3][-]{subsubsection.6.24.3.4}{\376\377\0006\000.\0002\0004\000.\0003\000.\0004\000\040\000g\000e\000t\000R\000o\000t\000a\000t\000i\000o\000n\000A\000n\000g\000l\000e\000\050\000\051}{subsection.6.24.3}% 175
\BOOKMARK [3][-]{subsubsection.6.24.3.5}{\376\377\0006\000.\0002\0004\000.\0003\000.\0005\000\040\000g\000e\000t\000V\000e\000l\000o\000c\000i\000t\000y\000\050\000\051}{subsection.6.24.3}% 176
\BOOKMARK [1][-]{section.6.25}{\376\377\0006\000.\0002\0005\000\040\000S\000t\000a\000r\000\040\000C\000l\000a\000s\000s\000\040\000R\000e\000f\000e\000r\000e\000n\000c\000e}{chapter.6}% 177
\BOOKMARK [2][-]{subsection.6.25.1}{\376\377\0006\000.\0002\0005\000.\0001\000\040\000D\000e\000t\000a\000i\000l\000e\000d\000\040\000D\000e\000s\000c\000r\000i\000p\000t\000i\000o\000n}{section.6.25}% 178
\BOOKMARK [2][-]{subsection.6.25.2}{\376\377\0006\000.\0002\0005\000.\0002\000\040\000C\000o\000n\000s\000t\000r\000u\000c\000t\000o\000r\000\040\000\046\000\040\000D\000e\000s\000t\000r\000u\000c\000t\000o\000r\000\040\000D\000o\000c\000u\000m\000e\000n\000t\000a\000t\000i\000o\000n}{section.6.25}% 179
\BOOKMARK [3][-]{subsubsection.6.25.2.1}{\376\377\0006\000.\0002\0005\000.\0002\000.\0001\000\040\000S\000t\000a\000r\000\050\000\051}{subsection.6.25.2}% 180
\BOOKMARK [3][-]{subsubsection.6.25.2.2}{\376\377\0006\000.\0002\0005\000.\0002\000.\0002\000\040\000\040\000S\000t\000a\000r\000\050\000\051}{subsection.6.25.2}% 181
\BOOKMARK [2][-]{subsection.6.25.3}{\376\377\0006\000.\0002\0005\000.\0003\000\040\000M\000e\000m\000b\000e\000r\000\040\000F\000u\000n\000c\000t\000i\000o\000n\000\040\000D\000o\000c\000u\000m\000e\000n\000t\000a\000t\000i\000o\000n}{section.6.25}% 182
\BOOKMARK [3][-]{subsubsection.6.25.3.1}{\376\377\0006\000.\0002\0005\000.\0003\000.\0001\000\040\000m\000o\000v\000e}{subsection.6.25.3}% 183
\BOOKMARK [1][-]{section.6.26}{\376\377\0006\000.\0002\0006\000\040\000T\000i\000m\000e\000r\000\040\000C\000l\000a\000s\000s\000\040\000R\000e\000f\000e\000r\000e\000n\000c\000e}{chapter.6}% 184
\BOOKMARK [2][-]{subsection.6.26.1}{\376\377\0006\000.\0002\0006\000.\0001\000\040\000D\000e\000t\000a\000i\000l\000e\000d\000\040\000D\000e\000s\000c\000r\000i\000p\000t\000i\000o\000n}{section.6.26}% 185
\BOOKMARK [2][-]{subsection.6.26.2}{\376\377\0006\000.\0002\0006\000.\0002\000\040\000C\000o\000n\000s\000t\000r\000u\000c\000t\000o\000r\000\040\000\046\000\040\000D\000e\000s\000t\000r\000u\000c\000t\000o\000r\000\040\000D\000o\000c\000u\000m\000e\000n\000t\000a\000t\000i\000o\000n}{section.6.26}% 186
\BOOKMARK [3][-]{subsubsection.6.26.2.1}{\376\377\0006\000.\0002\0006\000.\0002\000.\0001\000\040\000T\000i\000m\000e\000r\000\050\000\051}{subsection.6.26.2}% 187
\BOOKMARK [3][-]{subsubsection.6.26.2.2}{\376\377\0006\000.\0002\0006\000.\0002\000.\0002\000\040\000\040\000T\000i\000m\000e\000r\000\050\000\051}{subsection.6.26.2}% 188
\BOOKMARK [2][-]{subsection.6.26.3}{\376\377\0006\000.\0002\0006\000.\0003\000\040\000M\000e\000m\000b\000e\000r\000\040\000F\000u\000n\000c\000t\000i\000o\000n\000\040\000D\000o\000c\000u\000m\000e\000n\000t\000a\000t\000i\000o\000n}{section.6.26}% 189
\BOOKMARK [3][-]{subsubsection.6.26.3.1}{\376\377\0006\000.\0002\0006\000.\0003\000.\0001\000\040\000c\000o\000n\000t\000i\000n\000u\000e\000T\000i\000m\000e\000r}{subsection.6.26.3}% 190
\BOOKMARK [3][-]{subsubsection.6.26.3.2}{\376\377\0006\000.\0002\0006\000.\0003\000.\0002\000\040\000s\000t\000o\000p\000T\000i\000m\000e\000r}{subsection.6.26.3}% 191
\BOOKMARK [3][-]{subsubsection.6.26.3.3}{\376\377\0006\000.\0002\0006\000.\0003\000.\0003\000\040\000t\000i\000m\000e\000I\000s\000U\000p}{subsection.6.26.3}% 192
\BOOKMARK [3][-]{subsubsection.6.26.3.4}{\376\377\0006\000.\0002\0006\000.\0003\000.\0004\000\040\000u\000p\000d\000a\000t\000e\000T\000i\000m\000e\000r}{subsection.6.26.3}% 193
\BOOKMARK [1][-]{section.6.27}{\376\377\0006\000.\0002\0007\000\040\000U\000s\000e\000r\000\040\000C\000l\000a\000s\000s\000\040\000R\000e\000f\000e\000r\000e\000n\000c\000e}{chapter.6}% 194
\BOOKMARK [2][-]{subsection.6.27.1}{\376\377\0006\000.\0002\0007\000.\0001\000\040\000D\000e\000t\000a\000i\000l\000e\000d\000\040\000D\000e\000s\000c\000r\000i\000p\000t\000i\000o\000n}{section.6.27}% 195
\BOOKMARK [2][-]{subsection.6.27.2}{\376\377\0006\000.\0002\0007\000.\0002\000\040\000C\000o\000n\000s\000t\000r\000u\000c\000t\000o\000r\000\040\000\046\000\040\000D\000e\000s\000t\000r\000u\000c\000t\000o\000r\000\040\000D\000o\000c\000u\000m\000e\000n\000t\000a\000t\000i\000o\000n}{section.6.27}% 196
\BOOKMARK [3][-]{subsubsection.6.27.2.1}{\376\377\0006\000.\0002\0007\000.\0002\000.\0001\000\040\000U\000s\000e\000r\000\050\000\051}{subsection.6.27.2}% 197
\BOOKMARK [3][-]{subsubsection.6.27.2.2}{\376\377\0006\000.\0002\0007\000.\0002\000.\0002\000\040\000\040\000U\000s\000e\000r\000\050\000\051}{subsection.6.27.2}% 198
\BOOKMARK [2][-]{subsection.6.27.3}{\376\377\0006\000.\0002\0007\000.\0003\000\040\000M\000e\000m\000b\000e\000r\000\040\000F\000u\000n\000c\000t\000i\000o\000n\000\040\000D\000o\000c\000u\000m\000e\000n\000t\000a\000t\000i\000o\000n}{section.6.27}% 199
\BOOKMARK [3][-]{subsubsection.6.27.3.1}{\376\377\0006\000.\0002\0007\000.\0003\000.\0001\000\040\000d\000e\000c\000r\000e\000a\000s\000e\000L\000i\000v\000e\000s}{subsection.6.27.3}% 200
\BOOKMARK [3][-]{subsubsection.6.27.3.2}{\376\377\0006\000.\0002\0007\000.\0003\000.\0002\000\040\000d\000e\000l\000e\000t\000e\000L\000i\000f\000e\0001}{subsection.6.27.3}% 201
\BOOKMARK [3][-]{subsubsection.6.27.3.3}{\376\377\0006\000.\0002\0007\000.\0003\000.\0003\000\040\000d\000e\000l\000e\000t\000e\000L\000i\000f\000e\0002}{subsection.6.27.3}% 202
\BOOKMARK [3][-]{subsubsection.6.27.3.4}{\376\377\0006\000.\0002\0007\000.\0003\000.\0004\000\040\000d\000e\000l\000e\000t\000e\000L\000i\000f\000e\0003}{subsection.6.27.3}% 203
\BOOKMARK [3][-]{subsubsection.6.27.3.5}{\376\377\0006\000.\0002\0007\000.\0003\000.\0005\000\040\000k\000e\000y\000P\000r\000e\000s\000s\000E\000v\000e\000n\000t\000\050\000\051}{subsection.6.27.3}% 204
\BOOKMARK [3][-]{subsubsection.6.27.3.6}{\376\377\0006\000.\0002\0007\000.\0003\000.\0006\000\040\000r\000e\000s\000u\000m\000e\000A\000l\000l\000T\000i\000m\000e\000r\000s}{subsection.6.27.3}% 205
\BOOKMARK [3][-]{subsubsection.6.27.3.7}{\376\377\0006\000.\0002\0007\000.\0003\000.\0007\000\040\000s\000t\000a\000r\000t\000M\000o\000v\000i\000n\000g\000F\000o\000r\000w\000a\000r\000d}{subsection.6.27.3}% 206
\BOOKMARK [3][-]{subsubsection.6.27.3.8}{\376\377\0006\000.\0002\0007\000.\0003\000.\0008\000\040\000s\000t\000a\000r\000t\000R\000o\000t\000a\000t\000i\000n\000g\000C\000l\000o\000c\000k\000w\000i\000s\000e}{subsection.6.27.3}% 207
\BOOKMARK [3][-]{subsubsection.6.27.3.9}{\376\377\0006\000.\0002\0007\000.\0003\000.\0009\000\040\000s\000t\000a\000r\000t\000R\000o\000t\000a\000t\000i\000n\000g\000C\000o\000u\000n\000t\000e\000r\000C\000l\000o\000c\000k\000w\000i\000s\000e}{subsection.6.27.3}% 208
\BOOKMARK [3][-]{subsubsection.6.27.3.10}{\376\377\0006\000.\0002\0007\000.\0003\000.\0001\0000\000\040\000s\000t\000o\000p\000A\000l\000l\000T\000i\000m\000e\000r\000s}{subsection.6.27.3}% 209
\BOOKMARK [3][-]{subsubsection.6.27.3.11}{\376\377\0006\000.\0002\0007\000.\0003\000.\0001\0001\000\040\000s\000t\000o\000p\000M\000o\000v\000i\000n\000g}{subsection.6.27.3}% 210
\BOOKMARK [3][-]{subsubsection.6.27.3.12}{\376\377\0006\000.\0002\0007\000.\0003\000.\0001\0002\000\040\000s\000t\000o\000p\000R\000o\000t\000a\000t\000i\000n\000g}{subsection.6.27.3}% 211
\BOOKMARK [3][-]{subsubsection.6.27.3.13}{\376\377\0006\000.\0002\0007\000.\0003\000.\0001\0003\000\040\000s\000t\000u\000n\000n\000e\000d}{subsection.6.27.3}% 212
\BOOKMARK [3][-]{subsubsection.6.27.3.14}{\376\377\0006\000.\0002\0007\000.\0003\000.\0001\0004\000\040\000s\000w\000i\000t\000c\000h\000C\000o\000n\000t\000r\000o\000l}{subsection.6.27.3}% 213
\BOOKMARK [2][-]{subsection.6.27.4}{\376\377\0006\000.\0002\0007\000.\0004\000\040\000M\000e\000m\000b\000e\000r\000\040\000D\000a\000t\000a\000\040\000D\000o\000c\000u\000m\000e\000n\000t\000a\000t\000i\000o\000n}{section.6.27}% 214
\BOOKMARK [3][-]{subsubsection.6.27.4.1}{\376\377\0006\000.\0002\0007\000.\0004\000.\0001\000\040\000v\000i\000s\000i\000o\000n\000P\000o\000i\000n\000t}{subsection.6.27.4}% 215
\BOOKMARK [0][-]{chapter.7}{\376\377\0007\000\040\000F\000i\000l\000e\000\040\000D\000o\000c\000u\000m\000e\000n\000t\000a\000t\000i\000o\000n}{}% 216
\BOOKMARK [1][-]{section.7.1}{\376\377\0007\000.\0001\000\040\000b\000u\000t\000t\000o\000n\000.\000c\000p\000p\000\040\000F\000i\000l\000e\000\040\000R\000e\000f\000e\000r\000e\000n\000c\000e}{chapter.7}% 217
\BOOKMARK [2][-]{subsection.7.1.1}{\376\377\0007\000.\0001\000.\0001\000\040\000D\000e\000t\000a\000i\000l\000e\000d\000\040\000D\000e\000s\000c\000r\000i\000p\000t\000i\000o\000n}{section.7.1}% 218
\BOOKMARK [1][-]{section.7.2}{\376\377\0007\000.\0002\000\040\000b\000u\000t\000t\000o\000n\000.\000h\000\040\000F\000i\000l\000e\000\040\000R\000e\000f\000e\000r\000e\000n\000c\000e}{chapter.7}% 219
\BOOKMARK [2][-]{subsection.7.2.1}{\376\377\0007\000.\0002\000.\0001\000\040\000D\000e\000t\000a\000i\000l\000e\000d\000\040\000D\000e\000s\000c\000r\000i\000p\000t\000i\000o\000n}{section.7.2}% 220
\BOOKMARK [1][-]{section.7.3}{\376\377\0007\000.\0003\000\040\000e\000n\000e\000m\000y\000.\000c\000p\000p\000\040\000F\000i\000l\000e\000\040\000R\000e\000f\000e\000r\000e\000n\000c\000e}{chapter.7}% 221
\BOOKMARK [2][-]{subsection.7.3.1}{\376\377\0007\000.\0003\000.\0001\000\040\000D\000e\000t\000a\000i\000l\000e\000d\000\040\000D\000e\000s\000c\000r\000i\000p\000t\000i\000o\000n}{section.7.3}% 222
\BOOKMARK [1][-]{section.7.4}{\376\377\0007\000.\0004\000\040\000e\000n\000e\000m\000y\000.\000h\000\040\000F\000i\000l\000e\000\040\000R\000e\000f\000e\000r\000e\000n\000c\000e}{chapter.7}% 223
\BOOKMARK [2][-]{subsection.7.4.1}{\376\377\0007\000.\0004\000.\0001\000\040\000D\000e\000t\000a\000i\000l\000e\000d\000\040\000D\000e\000s\000c\000r\000i\000p\000t\000i\000o\000n}{section.7.4}% 224
\BOOKMARK [1][-]{section.7.5}{\376\377\0007\000.\0005\000\040\000e\000n\000e\000m\000y\000i\000t\000e\000m\000.\000c\000p\000p\000\040\000F\000i\000l\000e\000\040\000R\000e\000f\000e\000r\000e\000n\000c\000e}{chapter.7}% 225
\BOOKMARK [2][-]{subsection.7.5.1}{\376\377\0007\000.\0005\000.\0001\000\040\000D\000e\000t\000a\000i\000l\000e\000d\000\040\000D\000e\000s\000c\000r\000i\000p\000t\000i\000o\000n}{section.7.5}% 226
\BOOKMARK [1][-]{section.7.6}{\376\377\0007\000.\0006\000\040\000e\000n\000e\000m\000y\000i\000t\000e\000m\000.\000h\000\040\000F\000i\000l\000e\000\040\000R\000e\000f\000e\000r\000e\000n\000c\000e}{chapter.7}% 227
\BOOKMARK [2][-]{subsection.7.6.1}{\376\377\0007\000.\0006\000.\0001\000\040\000D\000e\000t\000a\000i\000l\000e\000d\000\040\000D\000e\000s\000c\000r\000i\000p\000t\000i\000o\000n}{section.7.6}% 228
\BOOKMARK [1][-]{section.7.7}{\376\377\0007\000.\0007\000\040\000g\000a\000m\000e\000i\000n\000f\000o\000.\000c\000p\000p\000\040\000F\000i\000l\000e\000\040\000R\000e\000f\000e\000r\000e\000n\000c\000e}{chapter.7}% 229
\BOOKMARK [2][-]{subsection.7.7.1}{\376\377\0007\000.\0007\000.\0001\000\040\000D\000e\000t\000a\000i\000l\000e\000d\000\040\000D\000e\000s\000c\000r\000i\000p\000t\000i\000o\000n}{section.7.7}% 230
\BOOKMARK [1][-]{section.7.8}{\376\377\0007\000.\0008\000\040\000g\000a\000m\000e\000i\000n\000f\000o\000.\000h\000\040\000F\000i\000l\000e\000\040\000R\000e\000f\000e\000r\000e\000n\000c\000e}{chapter.7}% 231
\BOOKMARK [2][-]{subsection.7.8.1}{\376\377\0007\000.\0008\000.\0001\000\040\000D\000e\000t\000a\000i\000l\000e\000d\000\040\000D\000e\000s\000c\000r\000i\000p\000t\000i\000o\000n}{section.7.8}% 232
\BOOKMARK [1][-]{section.7.9}{\376\377\0007\000.\0009\000\040\000g\000a\000m\000e\000m\000a\000s\000t\000e\000r\000.\000c\000p\000p\000\040\000F\000i\000l\000e\000\040\000R\000e\000f\000e\000r\000e\000n\000c\000e}{chapter.7}% 233
\BOOKMARK [2][-]{subsection.7.9.1}{\376\377\0007\000.\0009\000.\0001\000\040\000D\000e\000t\000a\000i\000l\000e\000d\000\040\000D\000e\000s\000c\000r\000i\000p\000t\000i\000o\000n}{section.7.9}% 234
\BOOKMARK [1][-]{section.7.10}{\376\377\0007\000.\0001\0000\000\040\000g\000a\000m\000e\000m\000a\000s\000t\000e\000r\000.\000h\000\040\000F\000i\000l\000e\000\040\000R\000e\000f\000e\000r\000e\000n\000c\000e}{chapter.7}% 235
\BOOKMARK [2][-]{subsection.7.10.1}{\376\377\0007\000.\0001\0000\000.\0001\000\040\000D\000e\000t\000a\000i\000l\000e\000d\000\040\000D\000e\000s\000c\000r\000i\000p\000t\000i\000o\000n}{section.7.10}% 236
\BOOKMARK [1][-]{section.7.11}{\376\377\0007\000.\0001\0001\000\040\000h\000e\000a\000r\000t\000.\000c\000p\000p\000\040\000F\000i\000l\000e\000\040\000R\000e\000f\000e\000r\000e\000n\000c\000e}{chapter.7}% 237
\BOOKMARK [2][-]{subsection.7.11.1}{\376\377\0007\000.\0001\0001\000.\0001\000\040\000D\000e\000t\000a\000i\000l\000e\000d\000\040\000D\000e\000s\000c\000r\000i\000p\000t\000i\000o\000n}{section.7.11}% 238
\BOOKMARK [1][-]{section.7.12}{\376\377\0007\000.\0001\0002\000\040\000h\000e\000a\000r\000t\000.\000h\000\040\000F\000i\000l\000e\000\040\000R\000e\000f\000e\000r\000e\000n\000c\000e}{chapter.7}% 239
\BOOKMARK [2][-]{subsection.7.12.1}{\376\377\0007\000.\0001\0002\000.\0001\000\040\000D\000e\000t\000a\000i\000l\000e\000d\000\040\000D\000e\000s\000c\000r\000i\000p\000t\000i\000o\000n}{section.7.12}% 240
\BOOKMARK [1][-]{section.7.13}{\376\377\0007\000.\0001\0003\000\040\000h\000o\000r\000i\000z\000o\000n\000t\000a\000l\000b\000a\000r\000.\000c\000p\000p\000\040\000F\000i\000l\000e\000\040\000R\000e\000f\000e\000r\000e\000n\000c\000e}{chapter.7}% 241
\BOOKMARK [2][-]{subsection.7.13.1}{\376\377\0007\000.\0001\0003\000.\0001\000\040\000D\000e\000t\000a\000i\000l\000e\000d\000\040\000D\000e\000s\000c\000r\000i\000p\000t\000i\000o\000n}{section.7.13}% 242
\BOOKMARK [1][-]{section.7.14}{\376\377\0007\000.\0001\0004\000\040\000h\000o\000r\000i\000z\000o\000n\000t\000a\000l\000b\000a\000r\000.\000h\000\040\000F\000i\000l\000e\000\040\000R\000e\000f\000e\000r\000e\000n\000c\000e}{chapter.7}% 243
\BOOKMARK [2][-]{subsection.7.14.1}{\376\377\0007\000.\0001\0004\000.\0001\000\040\000D\000e\000t\000a\000i\000l\000e\000d\000\040\000D\000e\000s\000c\000r\000i\000p\000t\000i\000o\000n}{section.7.14}% 244
\BOOKMARK [1][-]{section.7.15}{\376\377\0007\000.\0001\0005\000\040\000m\000a\000i\000n\000.\000c\000p\000p\000\040\000F\000i\000l\000e\000\040\000R\000e\000f\000e\000r\000e\000n\000c\000e}{chapter.7}% 245
\BOOKMARK [2][-]{subsection.7.15.1}{\376\377\0007\000.\0001\0005\000.\0001\000\040\000D\000e\000t\000a\000i\000l\000e\000d\000\040\000D\000e\000s\000c\000r\000i\000p\000t\000i\000o\000n}{section.7.15}% 246
\BOOKMARK [2][-]{subsection.7.15.2}{\376\377\0007\000.\0001\0005\000.\0002\000\040\000F\000u\000n\000c\000t\000i\000o\000n\000\040\000D\000o\000c\000u\000m\000e\000n\000t\000a\000t\000i\000o\000n}{section.7.15}% 247
\BOOKMARK [3][-]{subsubsection.7.15.2.1}{\376\377\0007\000.\0001\0005\000.\0002\000.\0001\000\040\000m\000a\000i\000n\000\050\000\051}{subsection.7.15.2}% 248
\BOOKMARK [1][-]{section.7.16}{\376\377\0007\000.\0001\0006\000\040\000m\000a\000i\000n\000w\000i\000n\000d\000o\000w\000.\000c\000p\000p\000\040\000F\000i\000l\000e\000\040\000R\000e\000f\000e\000r\000e\000n\000c\000e}{chapter.7}% 249
\BOOKMARK [2][-]{subsection.7.16.1}{\376\377\0007\000.\0001\0006\000.\0001\000\040\000D\000e\000t\000a\000i\000l\000e\000d\000\040\000D\000e\000s\000c\000r\000i\000p\000t\000i\000o\000n}{section.7.16}% 250
\BOOKMARK [1][-]{section.7.17}{\376\377\0007\000.\0001\0007\000\040\000m\000a\000i\000n\000w\000i\000n\000d\000o\000w\000.\000h\000\040\000F\000i\000l\000e\000\040\000R\000e\000f\000e\000r\000e\000n\000c\000e}{chapter.7}% 251
\BOOKMARK [2][-]{subsection.7.17.1}{\376\377\0007\000.\0001\0007\000.\0001\000\040\000D\000e\000t\000a\000i\000l\000e\000d\000\040\000D\000e\000s\000c\000r\000i\000p\000t\000i\000o\000n}{section.7.17}% 252
\BOOKMARK [1][-]{section.7.18}{\376\377\0007\000.\0001\0008\000\040\000m\000a\000p\000w\000i\000n\000d\000o\000w\000.\000c\000p\000p\000\040\000F\000i\000l\000e\000\040\000R\000e\000f\000e\000r\000e\000n\000c\000e}{chapter.7}% 253
\BOOKMARK [2][-]{subsection.7.18.1}{\376\377\0007\000.\0001\0008\000.\0001\000\040\000D\000e\000t\000a\000i\000l\000e\000d\000\040\000D\000e\000s\000c\000r\000i\000p\000t\000i\000o\000n}{section.7.18}% 254
\BOOKMARK [1][-]{section.7.19}{\376\377\0007\000.\0001\0009\000\040\000m\000a\000p\000w\000i\000n\000d\000o\000w\000.\000h\000\040\000F\000i\000l\000e\000\040\000R\000e\000f\000e\000r\000e\000n\000c\000e}{chapter.7}% 255
\BOOKMARK [2][-]{subsection.7.19.1}{\376\377\0007\000.\0001\0009\000.\0001\000\040\000D\000e\000t\000a\000i\000l\000e\000d\000\040\000D\000e\000s\000c\000r\000i\000p\000t\000i\000o\000n}{section.7.19}% 256
\BOOKMARK [2][-]{subsection.7.19.2}{\376\377\0007\000.\0001\0009\000.\0002\000\040\000M\000a\000c\000r\000o\000\040\000D\000e\000f\000i\000n\000i\000t\000i\000o\000n\000\040\000D\000o\000c\000u\000m\000e\000n\000t\000a\000t\000i\000o\000n}{section.7.19}% 257
\BOOKMARK [3][-]{subsubsection.7.19.2.1}{\376\377\0007\000.\0001\0009\000.\0002\000.\0001\000\040\000S\000Q\000U\000A\000R\000E\000\137\000S\000I\000Z\000E}{subsection.7.19.2}% 258
\BOOKMARK [2][-]{subsection.7.19.3}{\376\377\0007\000.\0001\0009\000.\0003\000\040\000T\000y\000p\000e\000d\000e\000f\000\040\000D\000o\000c\000u\000m\000e\000n\000t\000a\000t\000i\000o\000n}{section.7.19}% 259
\BOOKMARK [3][-]{subsubsection.7.19.3.1}{\376\377\0007\000.\0001\0009\000.\0003\000.\0001\000\040\000p\000i\000x\000M\000a\000p\000I\000c\000o\000n\000s}{subsection.7.19.3}% 260
\BOOKMARK [1][-]{section.7.20}{\376\377\0007\000.\0002\0000\000\040\000o\000b\000s\000t\000a\000c\000l\000e\000.\000c\000p\000p\000\040\000F\000i\000l\000e\000\040\000R\000e\000f\000e\000r\000e\000n\000c\000e}{chapter.7}% 261
\BOOKMARK [2][-]{subsection.7.20.1}{\376\377\0007\000.\0002\0000\000.\0001\000\040\000D\000e\000t\000a\000i\000l\000e\000d\000\040\000D\000e\000s\000c\000r\000i\000p\000t\000i\000o\000n}{section.7.20}% 262
\BOOKMARK [1][-]{section.7.21}{\376\377\0007\000.\0002\0001\000\040\000o\000b\000s\000t\000a\000c\000l\000e\000.\000h\000\040\000F\000i\000l\000e\000\040\000R\000e\000f\000e\000r\000e\000n\000c\000e}{chapter.7}% 263
\BOOKMARK [2][-]{subsection.7.21.1}{\376\377\0007\000.\0002\0001\000.\0001\000\040\000D\000e\000t\000a\000i\000l\000e\000d\000\040\000D\000e\000s\000c\000r\000i\000p\000t\000i\000o\000n}{section.7.21}% 264
\BOOKMARK [1][-]{section.7.22}{\376\377\0007\000.\0002\0002\000\040\000o\000b\000s\000t\000a\000c\000l\000e\000i\000t\000e\000m\000.\000h\000\040\000F\000i\000l\000e\000\040\000R\000e\000f\000e\000r\000e\000n\000c\000e}{chapter.7}% 265
\BOOKMARK [2][-]{subsection.7.22.1}{\376\377\0007\000.\0002\0002\000.\0001\000\040\000D\000e\000t\000a\000i\000l\000e\000d\000\040\000D\000e\000s\000c\000r\000i\000p\000t\000i\000o\000n}{section.7.22}% 266
\BOOKMARK [1][-]{section.7.23}{\376\377\0007\000.\0002\0003\000\040\000p\000o\000p\000u\000p\000.\000c\000p\000p\000\040\000F\000i\000l\000e\000\040\000R\000e\000f\000e\000r\000e\000n\000c\000e}{chapter.7}% 267
\BOOKMARK [2][-]{subsection.7.23.1}{\376\377\0007\000.\0002\0003\000.\0001\000\040\000D\000e\000t\000a\000i\000l\000e\000d\000\040\000D\000e\000s\000c\000r\000i\000p\000t\000i\000o\000n}{section.7.23}% 268
\BOOKMARK [1][-]{section.7.24}{\376\377\0007\000.\0002\0004\000\040\000p\000o\000p\000u\000p\000.\000h\000\040\000F\000i\000l\000e\000\040\000R\000e\000f\000e\000r\000e\000n\000c\000e}{chapter.7}% 269
\BOOKMARK [2][-]{subsection.7.24.1}{\376\377\0007\000.\0002\0004\000.\0001\000\040\000D\000e\000t\000a\000i\000l\000e\000d\000\040\000D\000e\000s\000c\000r\000i\000p\000t\000i\000o\000n}{section.7.24}% 270
\BOOKMARK [1][-]{section.7.25}{\376\377\0007\000.\0002\0005\000\040\000r\000o\000b\000o\000t\000d\000i\000a\000l\000o\000g\000.\000c\000p\000p\000\040\000F\000i\000l\000e\000\040\000R\000e\000f\000e\000r\000e\000n\000c\000e}{chapter.7}% 271
\BOOKMARK [2][-]{subsection.7.25.1}{\376\377\0007\000.\0002\0005\000.\0001\000\040\000D\000e\000t\000a\000i\000l\000e\000d\000\040\000D\000e\000s\000c\000r\000i\000p\000t\000i\000o\000n}{section.7.25}% 272
\BOOKMARK [1][-]{section.7.26}{\376\377\0007\000.\0002\0006\000\040\000r\000o\000b\000o\000t\000d\000i\000a\000l\000o\000g\000.\000h\000\040\000F\000i\000l\000e\000\040\000R\000e\000f\000e\000r\000e\000n\000c\000e}{chapter.7}% 273
\BOOKMARK [2][-]{subsection.7.26.1}{\376\377\0007\000.\0002\0006\000.\0001\000\040\000D\000e\000t\000a\000i\000l\000e\000d\000\040\000D\000e\000s\000c\000r\000i\000p\000t\000i\000o\000n}{section.7.26}% 274
\BOOKMARK [1][-]{section.7.27}{\376\377\0007\000.\0002\0007\000\040\000r\000o\000b\000o\000t\000i\000t\000e\000m\000.\000c\000p\000p\000\040\000F\000i\000l\000e\000\040\000R\000e\000f\000e\000r\000e\000n\000c\000e}{chapter.7}% 275
\BOOKMARK [2][-]{subsection.7.27.1}{\376\377\0007\000.\0002\0007\000.\0001\000\040\000D\000e\000t\000a\000i\000l\000e\000d\000\040\000D\000e\000s\000c\000r\000i\000p\000t\000i\000o\000n}{section.7.27}% 276
\BOOKMARK [1][-]{section.7.28}{\376\377\0007\000.\0002\0008\000\040\000r\000o\000b\000o\000t\000i\000t\000e\000m\000.\000h\000\040\000F\000i\000l\000e\000\040\000R\000e\000f\000e\000r\000e\000n\000c\000e}{chapter.7}% 277
\BOOKMARK [2][-]{subsection.7.28.1}{\376\377\0007\000.\0002\0008\000.\0001\000\040\000D\000e\000t\000a\000i\000l\000e\000d\000\040\000D\000e\000s\000c\000r\000i\000p\000t\000i\000o\000n}{section.7.28}% 278
\BOOKMARK [1][-]{section.7.29}{\376\377\0007\000.\0002\0009\000\040\000s\000t\000a\000r\000.\000c\000p\000p\000\040\000F\000i\000l\000e\000\040\000R\000e\000f\000e\000r\000e\000n\000c\000e}{chapter.7}% 279
\BOOKMARK [2][-]{subsection.7.29.1}{\376\377\0007\000.\0002\0009\000.\0001\000\040\000D\000e\000t\000a\000i\000l\000e\000d\000\040\000D\000e\000s\000c\000r\000i\000p\000t\000i\000o\000n}{section.7.29}% 280
\BOOKMARK [1][-]{section.7.30}{\376\377\0007\000.\0003\0000\000\040\000s\000t\000a\000r\000.\000h\000\040\000F\000i\000l\000e\000\040\000R\000e\000f\000e\000r\000e\000n\000c\000e}{chapter.7}% 281
\BOOKMARK [2][-]{subsection.7.30.1}{\376\377\0007\000.\0003\0000\000.\0001\000\040\000D\000e\000t\000a\000i\000l\000e\000d\000\040\000D\000e\000s\000c\000r\000i\000p\000t\000i\000o\000n}{section.7.30}% 282
\BOOKMARK [1][-]{section.7.31}{\376\377\0007\000.\0003\0001\000\040\000t\000i\000m\000e\000r\000.\000c\000p\000p\000\040\000F\000i\000l\000e\000\040\000R\000e\000f\000e\000r\000e\000n\000c\000e}{chapter.7}% 283
\BOOKMARK [2][-]{subsection.7.31.1}{\376\377\0007\000.\0003\0001\000.\0001\000\040\000D\000e\000t\000a\000i\000l\000e\000d\000\040\000D\000e\000s\000c\000r\000i\000p\000t\000i\000o\000n}{section.7.31}% 284
\BOOKMARK [1][-]{section.7.32}{\376\377\0007\000.\0003\0002\000\040\000t\000i\000m\000e\000r\000.\000h\000\040\000F\000i\000l\000e\000\040\000R\000e\000f\000e\000r\000e\000n\000c\000e}{chapter.7}% 285
\BOOKMARK [2][-]{subsection.7.32.1}{\376\377\0007\000.\0003\0002\000.\0001\000\040\000D\000e\000t\000a\000i\000l\000e\000d\000\040\000D\000e\000s\000c\000r\000i\000p\000t\000i\000o\000n}{section.7.32}% 286
\BOOKMARK [1][-]{section.7.33}{\376\377\0007\000.\0003\0003\000\040\000u\000s\000e\000r\000.\000c\000p\000p\000\040\000F\000i\000l\000e\000\040\000R\000e\000f\000e\000r\000e\000n\000c\000e}{chapter.7}% 287
\BOOKMARK [2][-]{subsection.7.33.1}{\376\377\0007\000.\0003\0003\000.\0001\000\040\000D\000e\000t\000a\000i\000l\000e\000d\000\040\000D\000e\000s\000c\000r\000i\000p\000t\000i\000o\000n}{section.7.33}% 288
\BOOKMARK [1][-]{section.7.34}{\376\377\0007\000.\0003\0004\000\040\000u\000s\000e\000r\000.\000h\000\040\000F\000i\000l\000e\000\040\000R\000e\000f\000e\000r\000e\000n\000c\000e}{chapter.7}% 289
\BOOKMARK [2][-]{subsection.7.34.1}{\376\377\0007\000.\0003\0004\000.\0001\000\040\000D\000e\000t\000a\000i\000l\000e\000d\000\040\000D\000e\000s\000c\000r\000i\000p\000t\000i\000o\000n}{section.7.34}% 290
\BOOKMARK [0][-]{section*.168}{\376\377\000I\000n\000d\000e\000x}{}% 291
